0
1
0
Assembly-1
1
PART-1-1
PART-1
1
PART-1-1
2217
1
3
4
8
9
13
14
18
19
22
25
28
30
31
32
33
34
76
77
78
79
80
81
82
83
84
85
86
87
88
89
90
91
92
133
134
135
136
137
138
139
140
141
142
143
144
145
146
147
148
149
190
191
192
193
194
195
196
197
198
199
200
241
242
243
244
245
246
247
248
249
250
251
252
253
254
255
256
257
259
260
261
262
263
264
265
266
267
268
269
287
288
289
290
291
292
293
294
295
296
297
298
299
300
301
302
303
321
322
323
324
325
326
327
328
329
330
331
332
333
334
335
336
337
355
356
357
358
359
360
361
362
386
387
388
389
390
391
392
393
394
395
396
397
398
399
400
401
402
2571
2572
2576
2577
2581
2582
2586
2587
2590
2593
2596
2598
2599
2600
2601
2602
2646
2647
2648
2649
2650
2651
2652
2653
2654
2655
2656
2657
2658
2659
2660
2661
2662
2663
2705
2706
2707
2708
2709
2710
2711
2712
2713
2714
2715
2716
2717
2718
2719
2720
2721
2722
2765
2766
2767
2768
2769
2770
2771
2772
2773
2774
2775
2817
2818
2819
2820
2821
2822
2823
2824
2825
2826
2827
2828
2829
2830
2831
2832
2833
2834
2835
2836
2837
2838
2839
2840
2841
2842
2843
2844
2845
2862
2863
2864
2865
2866
2867
2868
2869
2870
2871
2872
2873
2874
2875
2876
2877
2878
2879
2896
2897
2898
2899
2900
2901
2902
2903
2904
2905
2906
2907
2908
2909
2910
2911
2912
2913
2954
2955
2956
2957
2958
2959
2960
2961
2962
2963
2964
2965
2966
2967
2968
2969
2970
2971
4986
4987
4991
4992
4996
4997
5001
5002
5005
5008
5011
5013
5014
5015
5016
5017
5057
5058
5059
5060
5061
5062
5063
5064
5065
5066
5067
5068
5069
5070
5071
5072
5073
5113
5114
5115
5116
5117
5118
5119
5120
5121
5122
5123
5124
5125
5126
5127
5128
5129
5130
5170
5171
5172
5173
5174
5175
5176
5177
5178
5179
5180
5181
5221
5222
5223
5224
5225
5226
5227
5228
5229
5230
5231
5232
5233
5234
5235
5236
5237
5238
5240
5241
5242
5243
5244
5245
5246
5247
5248
5249
5250
5266
5267
5268
5269
5270
5271
5272
5273
5274
5275
5276
5277
5278
5279
5280
5281
5282
5298
5299
5300
5301
5302
5303
5304
5305
5306
5307
5308
5309
5310
5311
5312
5313
5314
5330
5331
5332
5333
5334
5335
5336
5337
5360
5361
5362
5363
5364
5365
5366
5367
5368
5369
5370
5371
5372
5373
5374
5375
5376
7236
7237
7241
7242
7246
7247
7251
7252
7255
7258
7261
7263
7264
7265
7266
7267
7313
7314
7315
7316
7317
7318
7319
7320
7321
7322
7323
7324
7325
7326
7327
7328
7329
7330
7374
7375
7376
7377
7378
7379
7380
7381
7382
7383
7384
7385
7386
7387
7388
7389
7390
7391
7435
7436
7437
7438
7439
7440
7441
7442
7443
7444
7445
7446
7490
7491
7492
7493
7494
7495
7496
7497
7498
7499
7500
7501
7502
7503
7504
7505
7506
7507
7508
7509
7510
7511
7512
7513
7514
7515
7516
7517
7518
7519
7537
7538
7539
7540
7541
7542
7543
7544
7545
7546
7547
7548
7549
7550
7551
7552
7553
7554
7572
7573
7574
7575
7576
7577
7578
7579
7580
7581
7582
7583
7584
7585
7586
7587
7588
7589
7632
7633
7634
7635
7636
7637
7638
7639
7640
7641
7642
7643
7644
7645
7646
7647
7648
7649
9793
9794
9798
9799
9803
9804
9808
9809
9812
9815
9818
9820
9821
9822
9823
9824
9870
9871
9872
9873
9874
9875
9876
9877
9878
9879
9880
9881
9882
9883
9884
9885
9886
9887
9931
9932
9933
9934
9935
9936
9937
9938
9939
9940
9941
9942
9943
9944
9945
9946
9947
9948
9992
9993
9994
9995
9996
9997
9998
9999
10000
10001
10002
10003
10047
10048
10049
10050
10051
10052
10053
10054
10055
10056
10057
10058
10059
10060
10061
10062
10063
10064
10065
10066
10067
10068
10069
10070
10071
10072
10073
10074
10075
10076
10094
10095
10096
10097
10098
10099
10100
10101
10102
10103
10104
10105
10106
10107
10108
10109
10110
10111
10129
10130
10131
10132
10133
10134
10135
10136
10137
10138
10139
10140
10141
10142
10143
10144
10145
10146
10189
10190
10191
10192
10193
10194
10195
10196
10197
10198
10199
10200
10201
10202
10203
10204
10205
10206
12350
12351
12355
12356
12360
12361
12365
12366
12369
12372
12375
12377
12378
12379
12380
12381
12423
12424
12425
12426
12427
12428
12429
12430
12431
12432
12433
12434
12435
12436
12437
12438
12439
12480
12481
12482
12483
12484
12485
12486
12487
12488
12489
12490
12491
12492
12493
12494
12495
12496
12537
12538
12539
12540
12541
12542
12543
12544
12545
12546
12547
12588
12589
12590
12591
12592
12593
12594
12595
12596
12597
12598
12599
12600
12601
12602
12603
12604
12606
12607
12608
12609
12610
12611
12612
12613
12614
12615
12616
12634
12635
12636
12637
12638
12639
12640
12641
12642
12643
12644
12645
12646
12647
12648
12649
12650
12668
12669
12670
12671
12672
12673
12674
12675
12676
12677
12678
12679
12680
12681
12682
12683
12684
12702
12703
12704
12705
12706
12707
12708
12709
12733
12734
12735
12736
12737
12738
12739
12740
12741
12742
12743
12744
12745
12746
12747
12748
12749
14664
14665
14669
14670
14674
14675
14679
14680
14683
14686
14689
14691
14692
14693
14694
14695
14737
14738
14739
14740
14741
14742
14743
14744
14745
14746
14747
14748
14749
14750
14751
14752
14753
14794
14795
14796
14797
14798
14799
14800
14801
14802
14803
14804
14805
14806
14807
14808
14809
14810
14851
14852
14853
14854
14855
14856
14857
14858
14859
14860
14861
14902
14903
14904
14905
14906
14907
14908
14909
14910
14911
14912
14913
14914
14915
14916
14917
14918
14920
14921
14922
14923
14924
14925
14926
14927
14928
14929
14930
14948
14949
14950
14951
14952
14953
14954
14955
14956
14957
14958
14959
14960
14961
14962
14963
14964
14982
14983
14984
14985
14986
14987
14988
14989
14990
14991
14992
14993
14994
14995
14996
14997
14998
15016
15017
15018
15019
15020
15021
15022
15023
15047
15048
15049
15050
15051
15052
15053
15054
15055
15056
15057
15058
15059
15060
15061
15062
15063
16978
16979
16983
16984
16988
16989
16993
16994
16997
17000
17003
17005
17006
17007
17008
17009
17053
17054
17055
17056
17057
17058
17059
17060
17061
17062
17063
17064
17065
17066
17067
17068
17069
17070
17112
17113
17114
17115
17116
17117
17118
17119
17120
17121
17122
17123
17124
17125
17126
17127
17128
17129
17172
17173
17174
17175
17176
17177
17178
17179
17180
17181
17182
17224
17225
17226
17227
17228
17229
17230
17231
17232
17233
17234
17235
17236
17237
17238
17239
17240
17241
17242
17243
17244
17245
17246
17247
17248
17249
17250
17251
17252
17269
17270
17271
17272
17273
17274
17275
17276
17277
17278
17279
17280
17281
17282
17283
17284
17285
17286
17303
17304
17305
17306
17307
17308
17309
17310
17311
17312
17313
17314
17315
17316
17317
17318
17319
17320
17361
17362
17363
17364
17365
17366
17367
17368
17369
17370
17371
17372
17373
17374
17375
17376
17377
17378
19393
19394
19398
19399
19403
19404
19408
19409
19412
19415
19418
19420
19421
19422
19423
19424
19470
19471
19472
19473
19474
19475
19476
19477
19478
19479
19480
19481
19482
19483
19484
19485
19486
19487
19531
19532
19533
19534
19535
19536
19537
19538
19539
19540
19541
19542
19543
19544
19545
19546
19547
19548
19592
19593
19594
19595
19596
19597
19598
19599
19600
19601
19602
19603
19647
19648
19649
19650
19651
19652
19653
19654
19655
19656
19657
19658
19659
19660
19661
19662
19663
19664
19665
19666
19667
19668
19669
19670
19671
19672
19673
19674
19675
19676
19694
19695
19696
19697
19698
19699
19700
19701
19702
19703
19704
19705
19706
19707
19708
19709
19710
19711
19729
19730
19731
19732
19733
19734
19735
19736
19737
19738
19739
19740
19741
19742
19743
19744
19745
19746
19789
19790
19791
19792
19793
19794
19795
19796
19797
19798
19799
19800
19801
19802
19803
19804
19805
19806
21950
21951
21955
21956
21960
21961
21965
21966
21969
21972
21975
21977
21978
21979
21980
21981
22025
22026
22027
22028
22029
22030
22031
22032
22033
22034
22035
22036
22037
22038
22039
22040
22041
22042
22084
22085
22086
22087
22088
22089
22090
22091
22092
22093
22094
22095
22096
22097
22098
22099
22100
22101
22144
22145
22146
22147
22148
22149
22150
22151
22152
22153
22154
22196
22197
22198
22199
22200
22201
22202
22203
22204
22205
22206
22207
22208
22209
22210
22211
22212
22213
22214
22215
22216
22217
22218
22219
22220
22221
22222
22223
22224
22241
22242
22243
22244
22245
22246
22247
22248
22249
22250
22251
22252
22253
22254
22255
22256
22257
22258
22275
22276
22277
22278
22279
22280
22281
22282
22283
22284
22285
22286
22287
22288
22289
22290
22291
22292
22333
22334
22335
22336
22337
22338
22339
22340
22341
22342
22343
22344
22345
22346
22347
22348
22349
22350
24365
24366
24370
24371
24375
24376
24380
24381
24384
24387
24390
24392
24393
24394
24395
24396
24442
24443
24444
24445
24446
24447
24448
24449
24450
24451
24452
24453
24454
24455
24456
24457
24458
24459
24503
24504
24505
24506
24507
24508
24509
24510
24511
24512
24513
24514
24515
24516
24517
24518
24519
24520
24564
24565
24566
24567
24568
24569
24570
24571
24572
24573
24574
24575
24619
24620
24621
24622
24623
24624
24625
24626
24627
24628
24629
24630
24631
24632
24633
24634
24635
24636
24637
24638
24639
24640
24641
24642
24643
24644
24645
24646
24647
24648
24666
24667
24668
24669
24670
24671
24672
24673
24674
24675
24676
24677
24678
24679
24680
24681
24682
24683
24701
24702
24703
24704
24705
24706
24707
24708
24709
24710
24711
24712
24713
24714
24715
24716
24717
24718
24761
24762
24763
24764
24765
24766
24767
24768
24769
24770
24771
24772
24773
24774
24775
24776
24777
24778
26922
26923
26927
26928
26932
26933
26937
26938
26941
26944
26947
26949
26950
26951
26952
26953
26997
26998
26999
27000
27001
27002
27003
27004
27005
27006
27007
27008
27009
27010
27011
27012
27013
27014
27056
27057
27058
27059
27060
27061
27062
27063
27064
27065
27066
27067
27068
27069
27070
27071
27072
27073
27116
27117
27118
27119
27120
27121
27122
27123
27124
27125
27126
27168
27169
27170
27171
27172
27173
27174
27175
27176
27177
27178
27179
27180
27181
27182
27183
27184
27185
27186
27187
27188
27189
27190
27191
27192
27193
27194
27195
27196
27213
27214
27215
27216
27217
27218
27219
27220
27221
27222
27223
27224
27225
27226
27227
27228
27229
27230
27247
27248
27249
27250
27251
27252
27253
27254
27255
27256
27257
27258
27259
27260
27261
27262
27263
27264
27305
27306
27307
27308
27309
27310
27311
27312
27313
27314
27315
27316
27317
27318
27319
27320
27321
27322
29337
29338
29342
29343
29347
29348
29352
29353
29356
29359
29362
29364
29365
29366
29367
29368
29410
29411
29412
29413
29414
29415
29416
29417
29418
29419
29420
29421
29422
29423
29424
29425
29426
29467
29468
29469
29470
29471
29472
29473
29474
29475
29476
29477
29478
29479
29480
29481
29482
29483
29524
29525
29526
29527
29528
29529
29530
29531
29532
29533
29534
29575
29576
29577
29578
29579
29580
29581
29582
29583
29584
29585
29586
29587
29588
29589
29590
29591
29593
29594
29595
29596
29597
29598
29599
29600
29601
29602
29603
29621
29622
29623
29624
29625
29626
29627
29628
29629
29630
29631
29632
29633
29634
29635
29636
29637
29655
29656
29657
29658
29659
29660
29661
29662
29663
29664
29665
29666
29667
29668
29669
29670
29671
29689
29690
29691
29692
29693
29694
29695
29696
29720
29721
29722
29723
29724
29725
29726
29727
29728
29729
29730
29731
29732
29733
29734
29735
29736
31651
31652
31656
31657
31661
31662
31666
31667
31670
31673
31676
31678
31679
31680
31681
31682
31722
31723
31724
31725
31726
31727
31728
31729
31730
31731
31732
31733
31734
31735
31736
31737
31738
31778
31779
31780
31781
31782
31783
31784
31785
31786
31787
31788
31789
31790
31791
31792
31793
31794
31795
31835
31836
31837
31838
31839
31840
31841
31842
31843
31844
31845
31846
31886
31887
31888
31889
31890
31891
31892
31893
31894
31895
31896
31897
31898
31899
31900
31901
31902
31903
31905
31906
31907
31908
31909
31910
31911
31912
31913
31914
31915
31931
31932
31933
31934
31935
31936
31937
31938
31939
31940
31941
31942
31943
31944
31945
31946
31947
31963
31964
31965
31966
31967
31968
31969
31970
31971
31972
31973
31974
31975
31976
31977
31978
31979
31995
31996
31997
31998
31999
32000
32001
32002
32025
32026
32027
32028
32029
32030
32031
32032
32033
32034
32035
32036
32037
32038
32039
32040
32041
33901
33902
33906
33907
33911
33912
33916
33917
33920
33923
33926
33928
33929
33930
33931
33932
33976
33977
33978
33979
33980
33981
33982
33983
33984
33985
33986
33987
33988
33989
33990
33991
33992
33993
34035
34036
34037
34038
34039
34040
34041
34042
34043
34044
34045
34046
34047
34048
34049
34050
34051
34052
34095
34096
34097
34098
34099
34100
34101
34102
34103
34104
34105
34147
34148
34149
34150
34151
34152
34153
34154
34155
34156
34157
34158
34159
34160
34161
34162
34163
34164
34165
34166
34167
34168
34169
34170
34171
34172
34173
34174
34175
34192
34193
34194
34195
34196
34197
34198
34199
34200
34201
34202
34203
34204
34205
34206
34207
34208
34209
34226
34227
34228
34229
34230
34231
34232
34233
34234
34235
34236
34237
34238
34239
34240
34241
34242
34243
34284
34285
34286
34287
34288
34289
34290
34291
34292
34293
34294
34295
34296
34297
34298
34299
34300
34301
0
1
PART-1-1
16
1
2
3
4
5
6
7
8
9
10
11
12
13
14
15
16
0
1
 SHADOW
0
4
0
1
PART-1-1
1
16 
0
1
PART-1-1
15
CROSS-1_Z1_1__CROSS-1_Z1_ELSET
0
1
1
4 
0
0
CROSS-1_Z1_2__CROSS-1_Z1_ELSET
0
1
1
5 
0
0
CROSS-1_Z1_3__CROSS-1_Z1_ELSET
0
1
1
9 
0
0
CROSS-1_Z1_4__CROSS-1_Z1_ELSET
0
1
1
11 
0
0
CROSS-2_Z2_1__CROSS-2_Z2_ELSET
0
1
1
1 
0
0
CROSS-2_Z2_2__CROSS-2_Z2_ELSET
0
1
1
6 
0
0
CROSS-2_Z2_3__CROSS-2_Z2_ELSET
0
1
1
7 
0
0
CROSS-2_Z2_4__CROSS-2_Z2_ELSET
0
1
1
13 
0
0
CROSS-3_Z3_1__CROSS-3_Z3_ELSET
0
1
1
2 
0
0
CROSS-3_Z3_2__CROSS-3_Z3_ELSET
0
1
1
8 
0
0
CROSS-3_Z3_3__CROSS-3_Z3_ELSET
0
1
1
10 
0
0
CROSS-3_Z3_4__CROSS-3_Z3_ELSET
0
1
1
12 
0
0
CROSS-3_Z3_5__CROSS-3_Z3_ELSET
0
1
1
15 
0
0
CROSS-4_Z4_1__CROSS-4_Z4_ELSET
0
1
1
3 
0
0
CROSS-4_Z4_2__CROSS-4_Z4_ELSET
0
1
1
14 
0
0
0
0
1
PART-1-1
64
BOTTOMBCNODES
0
1
195
8 9 25 133 134 135 136 137 138 139 140 141 142 143 144 145 146 147 148 149 287 288 289 290 291 292 293 294 295 296 297 298 299 300 301 302 303 360 361 7241 7242 7258 7374 7375 7376 7377 7378 7379 7380 7381 7382 7383 7384 7385 7386 7387 7388 7389 7390 7391 7537 7538 7539 7540 7541 7542 7543 7544 7545 7546 7547 7548 7549 7550 7551 7552 7553 7554 14669 14670 14686 14794 14795 14796 14797 14798 14799 14800 14801 14802 14803 14804 14805 14806 14807 14808 14809 14810 14948 14949 14950 14951 14952 14953 14954 14955 14956 14957 14958 14959 14960 14961 14962 14963 14964 15021 15022 21955 21956 21972 22084 22085 22086 22087 22088 22089 22090 22091 22092 22093 22094 22095 22096 22097 22098 22099 22100 22101 22241 22242 22243 22244 22245 22246 22247 22248 22249 22250 22251 22252 22253 22254 22255 22256 22257 22258 29342 29343 29359 29467 29468 29469 29470 29471 29472 29473 29474 29475 29476 29477 29478 29479 29480 29481 29482 29483 29621 29622 29623 29624 29625 29626 29627 29628 29629 29630 29631 29632 29633 29634 29635 29636 29637 29694 29695 
0
0
CROSS-1_Z1_1_BOTTOM
0
1
39
7241 7242 7258 7374 7375 7376 7377 7378 7379 7380 7381 7382 7383 7384 7385 7386 7387 7388 7389 7390 7391 7537 7538 7539 7540 7541 7542 7543 7544 7545 7546 7547 7548 7549 7550 7551 7552 7553 7554 
0
0
CROSS-1_Z1_1_LEFT
0
1
29
7246 7247 7255 7264 7265 7435 7436 7437 7438 7439 7440 7441 7442 7443 7444 7445 7446 7508 7509 7510 7511 7512 7513 7514 7515 7516 7517 7518 7519 
0
0
CROSS-1_Z1_1_RIGHT
0
1
41
7236 7237 7263 7266 7267 7313 7314 7315 7316 7317 7318 7319 7320 7321 7322 7323 7324 7325 7326 7327 7328 7329 7330 7632 7633 7634 7635 7636 7637 7638 7639 7640 7641 7642 7643 7644 7645 7646 7647 7648 7649 
0
0
CROSS-1_Z1_1_TOP
0
1
39
7251 7252 7261 7490 7491 7492 7493 7494 7495 7496 7497 7498 7499 7500 7501 7502 7503 7504 7505 7506 7507 7572 7573 7574 7575 7576 7577 7578 7579 7580 7581 7582 7583 7584 7585 7586 7587 7588 7589 
0
0
CROSS-1_Z1_2_BOTTOM
0
1
39
9798 9799 9815 9931 9932 9933 9934 9935 9936 9937 9938 9939 9940 9941 9942 9943 9944 9945 9946 9947 9948 10094 10095 10096 10097 10098 10099 10100 10101 10102 10103 10104 10105 10106 10107 10108 10109 10110 10111 
0
0
CROSS-1_Z1_2_LEFT
0
1
29
9803 9804 9812 9821 9822 9992 9993 9994 9995 9996 9997 9998 9999 10000 10001 10002 10003 10065 10066 10067 10068 10069 10070 10071 10072 10073 10074 10075 10076 
0
0
CROSS-1_Z1_2_RIGHT
0
1
41
9793 9794 9820 9823 9824 9870 9871 9872 9873 9874 9875 9876 9877 9878 9879 9880 9881 9882 9883 9884 9885 9886 9887 10189 10190 10191 10192 10193 10194 10195 10196 10197 10198 10199 10200 10201 10202 10203 10204 10205 10206 
0
0
CROSS-1_Z1_2_TOP
0
1
39
9808 9809 9818 10047 10048 10049 10050 10051 10052 10053 10054 10055 10056 10057 10058 10059 10060 10061 10062 10063 10064 10129 10130 10131 10132 10133 10134 10135 10136 10137 10138 10139 10140 10141 10142 10143 10144 10145 10146 
0
0
CROSS-1_Z1_3_BOTTOM
0
1
39
19398 19399 19415 19531 19532 19533 19534 19535 19536 19537 19538 19539 19540 19541 19542 19543 19544 19545 19546 19547 19548 19694 19695 19696 19697 19698 19699 19700 19701 19702 19703 19704 19705 19706 19707 19708 19709 19710 19711 
0
0
CROSS-1_Z1_3_LEFT
0
1
29
19403 19404 19412 19421 19422 19592 19593 19594 19595 19596 19597 19598 19599 19600 19601 19602 19603 19665 19666 19667 19668 19669 19670 19671 19672 19673 19674 19675 19676 
0
0
CROSS-1_Z1_3_RIGHT
0
1
41
19393 19394 19420 19423 19424 19470 19471 19472 19473 19474 19475 19476 19477 19478 19479 19480 19481 19482 19483 19484 19485 19486 19487 19789 19790 19791 19792 19793 19794 19795 19796 19797 19798 19799 19800 19801 19802 19803 19804 19805 19806 
0
0
CROSS-1_Z1_3_TOP
0
1
39
19408 19409 19418 19647 19648 19649 19650 19651 19652 19653 19654 19655 19656 19657 19658 19659 19660 19661 19662 19663 19664 19729 19730 19731 19732 19733 19734 19735 19736 19737 19738 19739 19740 19741 19742 19743 19744 19745 19746 
0
0
CROSS-1_Z1_4_BOTTOM
0
1
39
24370 24371 24387 24503 24504 24505 24506 24507 24508 24509 24510 24511 24512 24513 24514 24515 24516 24517 24518 24519 24520 24666 24667 24668 24669 24670 24671 24672 24673 24674 24675 24676 24677 24678 24679 24680 24681 24682 24683 
0
0
CROSS-1_Z1_4_LEFT
0
1
29
24375 24376 24384 24393 24394 24564 24565 24566 24567 24568 24569 24570 24571 24572 24573 24574 24575 24637 24638 24639 24640 24641 24642 24643 24644 24645 24646 24647 24648 
0
0
CROSS-1_Z1_4_RIGHT
0
1
41
24365 24366 24392 24395 24396 24442 24443 24444 24445 24446 24447 24448 24449 24450 24451 24452 24453 24454 24455 24456 24457 24458 24459 24761 24762 24763 24764 24765 24766 24767 24768 24769 24770 24771 24772 24773 24774 24775 24776 24777 24778 
0
0
CROSS-1_Z1_4_TOP
0
1
39
24380 24381 24390 24619 24620 24621 24622 24623 24624 24625 24626 24627 24628 24629 24630 24631 24632 24633 24634 24635 24636 24701 24702 24703 24704 24705 24706 24707 24708 24709 24710 24711 24712 24713 24714 24715 24716 24717 24718 
0
0
CROSS-2_Z2_1_BOTTOM
0
1
39
8 9 25 133 134 135 136 137 138 139 140 141 142 143 144 145 146 147 148 149 287 288 289 290 291 292 293 294 295 296 297 298 299 300 301 302 303 360 361 
0
0
CROSS-2_Z2_1_LEFT
0
1
29
13 14 22 31 32 190 191 192 193 194 195 196 197 198 199 200 259 260 261 262 263 264 265 266 267 268 269 358 359 
0
0
CROSS-2_Z2_1_RIGHT
0
1
41
3 4 30 33 34 76 77 78 79 80 81 82 83 84 85 86 87 88 89 90 91 92 355 362 386 387 388 389 390 391 392 393 394 395 396 397 398 399 400 401 402 
0
0
CROSS-2_Z2_1_TOP
0
1
39
18 19 28 241 242 243 244 245 246 247 248 249 250 251 252 253 254 255 256 257 321 322 323 324 325 326 327 328 329 330 331 332 333 334 335 336 337 356 357 
0
0
CROSS-2_Z2_2_BOTTOM
0
1
39
12355 12356 12372 12480 12481 12482 12483 12484 12485 12486 12487 12488 12489 12490 12491 12492 12493 12494 12495 12496 12634 12635 12636 12637 12638 12639 12640 12641 12642 12643 12644 12645 12646 12647 12648 12649 12650 12707 12708 
0
0
CROSS-2_Z2_2_LEFT
0
1
29
12360 12361 12369 12378 12379 12537 12538 12539 12540 12541 12542 12543 12544 12545 12546 12547 12606 12607 12608 12609 12610 12611 12612 12613 12614 12615 12616 12705 12706 
0
0
CROSS-2_Z2_2_RIGHT
0
1
41
12350 12351 12377 12380 12381 12423 12424 12425 12426 12427 12428 12429 12430 12431 12432 12433 12434 12435 12436 12437 12438 12439 12702 12709 12733 12734 12735 12736 12737 12738 12739 12740 12741 12742 12743 12744 12745 12746 12747 12748 12749 
0
0
CROSS-2_Z2_2_TOP
0
1
39
12365 12366 12375 12588 12589 12590 12591 12592 12593 12594 12595 12596 12597 12598 12599 12600 12601 12602 12603 12604 12668 12669 12670 12671 12672 12673 12674 12675 12676 12677 12678 12679 12680 12681 12682 12683 12684 12703 12704 
0
0
CROSS-2_Z2_3_BOTTOM
0
1
39
14669 14670 14686 14794 14795 14796 14797 14798 14799 14800 14801 14802 14803 14804 14805 14806 14807 14808 14809 14810 14948 14949 14950 14951 14952 14953 14954 14955 14956 14957 14958 14959 14960 14961 14962 14963 14964 15021 15022 
0
0
CROSS-2_Z2_3_LEFT
0
1
29
14674 14675 14683 14692 14693 14851 14852 14853 14854 14855 14856 14857 14858 14859 14860 14861 14920 14921 14922 14923 14924 14925 14926 14927 14928 14929 14930 15019 15020 
0
0
CROSS-2_Z2_3_RIGHT
0
1
41
14664 14665 14691 14694 14695 14737 14738 14739 14740 14741 14742 14743 14744 14745 14746 14747 14748 14749 14750 14751 14752 14753 15016 15023 15047 15048 15049 15050 15051 15052 15053 15054 15055 15056 15057 15058 15059 15060 15061 15062 15063 
0
0
CROSS-2_Z2_3_TOP
0
1
39
14679 14680 14689 14902 14903 14904 14905 14906 14907 14908 14909 14910 14911 14912 14913 14914 14915 14916 14917 14918 14982 14983 14984 14985 14986 14987 14988 14989 14990 14991 14992 14993 14994 14995 14996 14997 14998 15017 15018 
0
0
CROSS-2_Z2_4_BOTTOM
0
1
39
29342 29343 29359 29467 29468 29469 29470 29471 29472 29473 29474 29475 29476 29477 29478 29479 29480 29481 29482 29483 29621 29622 29623 29624 29625 29626 29627 29628 29629 29630 29631 29632 29633 29634 29635 29636 29637 29694 29695 
0
0
CROSS-2_Z2_4_LEFT
0
1
29
29347 29348 29356 29365 29366 29524 29525 29526 29527 29528 29529 29530 29531 29532 29533 29534 29593 29594 29595 29596 29597 29598 29599 29600 29601 29602 29603 29692 29693 
0
0
CROSS-2_Z2_4_RIGHT
0
1
41
29337 29338 29364 29367 29368 29410 29411 29412 29413 29414 29415 29416 29417 29418 29419 29420 29421 29422 29423 29424 29425 29426 29689 29696 29720 29721 29722 29723 29724 29725 29726 29727 29728 29729 29730 29731 29732 29733 29734 29735 29736 
0
0
CROSS-2_Z2_4_TOP
0
1
39
29352 29353 29362 29575 29576 29577 29578 29579 29580 29581 29582 29583 29584 29585 29586 29587 29588 29589 29590 29591 29655 29656 29657 29658 29659 29660 29661 29662 29663 29664 29665 29666 29667 29668 29669 29670 29671 29690 29691 
0
0
CROSS-3_Z3_1_BOTTOM
0
1
39
2576 2577 2593 2705 2706 2707 2708 2709 2710 2711 2712 2713 2714 2715 2716 2717 2718 2719 2720 2721 2722 2862 2863 2864 2865 2866 2867 2868 2869 2870 2871 2872 2873 2874 2875 2876 2877 2878 2879 
0
0
CROSS-3_Z3_1_LEFT
0
1
27
2581 2582 2590 2599 2600 2765 2766 2767 2768 2769 2770 2771 2772 2773 2774 2775 2835 2836 2837 2838 2839 2840 2841 2842 2843 2844 2845 
0
0
CROSS-3_Z3_1_RIGHT
0
1
41
2571 2572 2598 2601 2602 2646 2647 2648 2649 2650 2651 2652 2653 2654 2655 2656 2657 2658 2659 2660 2661 2662 2663 2954 2955 2956 2957 2958 2959 2960 2961 2962 2963 2964 2965 2966 2967 2968 2969 2970 2971 
0
0
CROSS-3_Z3_1_TOP
0
1
39
2586 2587 2596 2817 2818 2819 2820 2821 2822 2823 2824 2825 2826 2827 2828 2829 2830 2831 2832 2833 2834 2896 2897 2898 2899 2900 2901 2902 2903 2904 2905 2906 2907 2908 2909 2910 2911 2912 2913 
0
0
CROSS-3_Z3_2_BOTTOM
0
1
39
16983 16984 17000 17112 17113 17114 17115 17116 17117 17118 17119 17120 17121 17122 17123 17124 17125 17126 17127 17128 17129 17269 17270 17271 17272 17273 17274 17275 17276 17277 17278 17279 17280 17281 17282 17283 17284 17285 17286 
0
0
CROSS-3_Z3_2_LEFT
0
1
27
16988 16989 16997 17006 17007 17172 17173 17174 17175 17176 17177 17178 17179 17180 17181 17182 17242 17243 17244 17245 17246 17247 17248 17249 17250 17251 17252 
0
0
CROSS-3_Z3_2_RIGHT
0
1
41
16978 16979 17005 17008 17009 17053 17054 17055 17056 17057 17058 17059 17060 17061 17062 17063 17064 17065 17066 17067 17068 17069 17070 17361 17362 17363 17364 17365 17366 17367 17368 17369 17370 17371 17372 17373 17374 17375 17376 17377 17378 
0
0
CROSS-3_Z3_2_TOP
0
1
39
16993 16994 17003 17224 17225 17226 17227 17228 17229 17230 17231 17232 17233 17234 17235 17236 17237 17238 17239 17240 17241 17303 17304 17305 17306 17307 17308 17309 17310 17311 17312 17313 17314 17315 17316 17317 17318 17319 17320 
0
0
CROSS-3_Z3_3_BOTTOM
0
1
39
21955 21956 21972 22084 22085 22086 22087 22088 22089 22090 22091 22092 22093 22094 22095 22096 22097 22098 22099 22100 22101 22241 22242 22243 22244 22245 22246 22247 22248 22249 22250 22251 22252 22253 22254 22255 22256 22257 22258 
0
0
CROSS-3_Z3_3_LEFT
0
1
27
21960 21961 21969 21978 21979 22144 22145 22146 22147 22148 22149 22150 22151 22152 22153 22154 22214 22215 22216 22217 22218 22219 22220 22221 22222 22223 22224 
0
0
CROSS-3_Z3_3_RIGHT
0
1
41
21950 21951 21977 21980 21981 22025 22026 22027 22028 22029 22030 22031 22032 22033 22034 22035 22036 22037 22038 22039 22040 22041 22042 22333 22334 22335 22336 22337 22338 22339 22340 22341 22342 22343 22344 22345 22346 22347 22348 22349 22350 
0
0
CROSS-3_Z3_3_TOP
0
1
39
21965 21966 21975 22196 22197 22198 22199 22200 22201 22202 22203 22204 22205 22206 22207 22208 22209 22210 22211 22212 22213 22275 22276 22277 22278 22279 22280 22281 22282 22283 22284 22285 22286 22287 22288 22289 22290 22291 22292 
0
0
CROSS-3_Z3_4_BOTTOM
0
1
39
26927 26928 26944 27056 27057 27058 27059 27060 27061 27062 27063 27064 27065 27066 27067 27068 27069 27070 27071 27072 27073 27213 27214 27215 27216 27217 27218 27219 27220 27221 27222 27223 27224 27225 27226 27227 27228 27229 27230 
0
0
CROSS-3_Z3_4_LEFT
0
1
27
26932 26933 26941 26950 26951 27116 27117 27118 27119 27120 27121 27122 27123 27124 27125 27126 27186 27187 27188 27189 27190 27191 27192 27193 27194 27195 27196 
0
0
CROSS-3_Z3_4_RIGHT
0
1
41
26922 26923 26949 26952 26953 26997 26998 26999 27000 27001 27002 27003 27004 27005 27006 27007 27008 27009 27010 27011 27012 27013 27014 27305 27306 27307 27308 27309 27310 27311 27312 27313 27314 27315 27316 27317 27318 27319 27320 27321 27322 
0
0
CROSS-3_Z3_4_TOP
0
1
39
26937 26938 26947 27168 27169 27170 27171 27172 27173 27174 27175 27176 27177 27178 27179 27180 27181 27182 27183 27184 27185 27247 27248 27249 27250 27251 27252 27253 27254 27255 27256 27257 27258 27259 27260 27261 27262 27263 27264 
0
0
CROSS-3_Z3_5_BOTTOM
0
1
39
33906 33907 33923 34035 34036 34037 34038 34039 34040 34041 34042 34043 34044 34045 34046 34047 34048 34049 34050 34051 34052 34192 34193 34194 34195 34196 34197 34198 34199 34200 34201 34202 34203 34204 34205 34206 34207 34208 34209 
0
0
CROSS-3_Z3_5_LEFT
0
1
27
33911 33912 33920 33929 33930 34095 34096 34097 34098 34099 34100 34101 34102 34103 34104 34105 34165 34166 34167 34168 34169 34170 34171 34172 34173 34174 34175 
0
0
CROSS-3_Z3_5_RIGHT
0
1
41
33901 33902 33928 33931 33932 33976 33977 33978 33979 33980 33981 33982 33983 33984 33985 33986 33987 33988 33989 33990 33991 33992 33993 34284 34285 34286 34287 34288 34289 34290 34291 34292 34293 34294 34295 34296 34297 34298 34299 34300 34301 
0
0
CROSS-3_Z3_5_TOP
0
1
39
33916 33917 33926 34147 34148 34149 34150 34151 34152 34153 34154 34155 34156 34157 34158 34159 34160 34161 34162 34163 34164 34226 34227 34228 34229 34230 34231 34232 34233 34234 34235 34236 34237 34238 34239 34240 34241 34242 34243 
0
0
CROSS-4_Z4_1_BOTTOM
0
1
40
4991 4992 5008 5113 5114 5115 5116 5117 5118 5119 5120 5121 5122 5123 5124 5125 5126 5127 5128 5129 5130 5266 5267 5268 5269 5270 5271 5272 5273 5274 5275 5276 5277 5278 5279 5280 5281 5282 5335 5336 
0
0
CROSS-4_Z4_1_LEFT
0
1
30
4996 4997 5005 5014 5015 5170 5171 5172 5173 5174 5175 5176 5177 5178 5179 5180 5181 5240 5241 5242 5243 5244 5245 5246 5247 5248 5249 5250 5333 5334 
0
0
CROSS-4_Z4_1_RIGHT
0
1
41
4986 4987 5013 5016 5017 5057 5058 5059 5060 5061 5062 5063 5064 5065 5066 5067 5068 5069 5070 5071 5072 5073 5330 5337 5360 5361 5362 5363 5364 5365 5366 5367 5368 5369 5370 5371 5372 5373 5374 5375 5376 
0
0
CROSS-4_Z4_1_TOP
0
1
40
5001 5002 5011 5221 5222 5223 5224 5225 5226 5227 5228 5229 5230 5231 5232 5233 5234 5235 5236 5237 5238 5298 5299 5300 5301 5302 5303 5304 5305 5306 5307 5308 5309 5310 5311 5312 5313 5314 5331 5332 
0
0
CROSS-4_Z4_2_BOTTOM
0
1
40
31656 31657 31673 31778 31779 31780 31781 31782 31783 31784 31785 31786 31787 31788 31789 31790 31791 31792 31793 31794 31795 31931 31932 31933 31934 31935 31936 31937 31938 31939 31940 31941 31942 31943 31944 31945 31946 31947 32000 32001 
0
0
CROSS-4_Z4_2_LEFT
0
1
30
31661 31662 31670 31679 31680 31835 31836 31837 31838 31839 31840 31841 31842 31843 31844 31845 31846 31905 31906 31907 31908 31909 31910 31911 31912 31913 31914 31915 31998 31999 
0
0
CROSS-4_Z4_2_RIGHT
0
1
41
31651 31652 31678 31681 31682 31722 31723 31724 31725 31726 31727 31728 31729 31730 31731 31732 31733 31734 31735 31736 31737 31738 31995 32002 32025 32026 32027 32028 32029 32030 32031 32032 32033 32034 32035 32036 32037 32038 32039 32040 32041 
0
0
CROSS-4_Z4_2_TOP
0
1
40
31666 31667 31676 31886 31887 31888 31889 31890 31891 31892 31893 31894 31895 31896 31897 31898 31899 31900 31901 31902 31903 31963 31964 31965 31966 31967 31968 31969 31970 31971 31972 31973 31974 31975 31976 31977 31978 31979 31996 31997 
0
0
TOPBCNODES
0
1
196
5001 5002 5011 5221 5222 5223 5224 5225 5226 5227 5228 5229 5230 5231 5232 5233 5234 5235 5236 5237 5238 5298 5299 5300 5301 5302 5303 5304 5305 5306 5307 5308 5309 5310 5311 5312 5313 5314 5331 5332 12365 12366 12375 12588 12589 12590 12591 12592 12593 12594 12595 12596 12597 12598 12599 12600 12601 12602 12603 12604 12668 12669 12670 12671 12672 12673 12674 12675 12676 12677 12678 12679 12680 12681 12682 12683 12684 12703 12704 19408 19409 19418 19647 19648 19649 19650 19651 19652 19653 19654 19655 19656 19657 19658 19659 19660 19661 19662 19663 19664 19729 19730 19731 19732 19733 19734 19735 19736 19737 19738 19739 19740 19741 19742 19743 19744 19745 19746 26937 26938 26947 27168 27169 27170 27171 27172 27173 27174 27175 27176 27177 27178 27179 27180 27181 27182 27183 27184 27185 27247 27248 27249 27250 27251 27252 27253 27254 27255 27256 27257 27258 27259 27260 27261 27262 27263 27264 33916 33917 33926 34147 34148 34149 34150 34151 34152 34153 34154 34155 34156 34157 34158 34159 34160 34161 34162 34163 34164 34226 34227 34228 34229 34230 34231 34232 34233 34234 34235 34236 34237 34238 34239 34240 34241 34242 34243 
0
0
TOP_RP
0
1
1
1 
0
0
_PICKEDSET156
0
1
1
1 
0
0
0
1
PART-1-1
1
SURFACE-1_RIGIDBODY
2
0
45
CROSS-1_Z1_1_LEFT_CNS_
0
0
0
1
PART-1-1
1
0
29
7246
1
7247
1
7255
1
7264
1
7265
1
7435
1
7436
1
7437
1
7438
1
7439
1
7440
1
7441
1
7442
1
7443
1
7444
1
7445
1
7446
1
7508
1
7509
1
7510
1
7511
1
7512
1
7513
1
7514
1
7515
1
7516
1
7517
1
7518
1
7519
1
CROSS-1_Z1_1_RIGHT_CNS_
0
0
0
1
PART-1-1
1
0
41
7236
1
7237
1
7263
1
7266
1
7267
1
7313
1
7314
1
7315
1
7316
1
7317
1
7318
1
7319
1
7320
1
7321
1
7322
1
7323
1
7324
1
7325
1
7326
1
7327
1
7328
1
7329
1
7330
1
7632
1
7633
1
7634
1
7635
1
7636
1
7637
1
7638
1
7639
1
7640
1
7641
1
7642
1
7643
1
7644
1
7645
1
7646
1
7647
1
7648
1
7649
1
CROSS-1_Z1_1_TOP_CNS_
0
0
0
1
PART-1-1
1
0
39
7251
1
7252
1
7261
1
7490
1
7491
1
7492
1
7493
1
7494
1
7495
1
7496
1
7497
1
7498
1
7499
1
7500
1
7501
1
7502
1
7503
1
7504
1
7505
1
7506
1
7507
1
7572
1
7573
1
7574
1
7575
1
7576
1
7577
1
7578
1
7579
1
7580
1
7581
1
7582
1
7583
1
7584
1
7585
1
7586
1
7587
1
7588
1
7589
1
CROSS-1_Z1_2_BOTTOM_CNS_
0
0
0
1
PART-1-1
1
0
39
9798
1
9799
1
9815
1
9931
1
9932
1
9933
1
9934
1
9935
1
9936
1
9937
1
9938
1
9939
1
9940
1
9941
1
9942
1
9943
1
9944
1
9945
1
9946
1
9947
1
9948
1
10094
1
10095
1
10096
1
10097
1
10098
1
10099
1
10100
1
10101
1
10102
1
10103
1
10104
1
10105
1
10106
1
10107
1
10108
1
10109
1
10110
1
10111
1
CROSS-1_Z1_2_LEFT_CNS_
0
0
0
1
PART-1-1
1
0
29
9803
1
9804
1
9812
1
9821
1
9822
1
9992
1
9993
1
9994
1
9995
1
9996
1
9997
1
9998
1
9999
1
10000
1
10001
1
10002
1
10003
1
10065
1
10066
1
10067
1
10068
1
10069
1
10070
1
10071
1
10072
1
10073
1
10074
1
10075
1
10076
1
CROSS-1_Z1_2_RIGHT_CNS_
0
0
0
1
PART-1-1
1
0
41
9793
1
9794
1
9820
1
9823
1
9824
1
9870
1
9871
1
9872
1
9873
1
9874
1
9875
1
9876
1
9877
1
9878
1
9879
1
9880
1
9881
1
9882
1
9883
1
9884
1
9885
1
9886
1
9887
1
10189
1
10190
1
10191
1
10192
1
10193
1
10194
1
10195
1
10196
1
10197
1
10198
1
10199
1
10200
1
10201
1
10202
1
10203
1
10204
1
10205
1
10206
1
CROSS-1_Z1_2_TOP_CNS_
0
0
0
1
PART-1-1
1
0
39
9808
1
9809
1
9818
1
10047
1
10048
1
10049
1
10050
1
10051
1
10052
1
10053
1
10054
1
10055
1
10056
1
10057
1
10058
1
10059
1
10060
1
10061
1
10062
1
10063
1
10064
1
10129
1
10130
1
10131
1
10132
1
10133
1
10134
1
10135
1
10136
1
10137
1
10138
1
10139
1
10140
1
10141
1
10142
1
10143
1
10144
1
10145
1
10146
1
CROSS-1_Z1_3_BOTTOM_CNS_
0
0
0
1
PART-1-1
1
0
39
19398
1
19399
1
19415
1
19531
1
19532
1
19533
1
19534
1
19535
1
19536
1
19537
1
19538
1
19539
1
19540
1
19541
1
19542
1
19543
1
19544
1
19545
1
19546
1
19547
1
19548
1
19694
1
19695
1
19696
1
19697
1
19698
1
19699
1
19700
1
19701
1
19702
1
19703
1
19704
1
19705
1
19706
1
19707
1
19708
1
19709
1
19710
1
19711
1
CROSS-1_Z1_3_LEFT_CNS_
0
0
0
1
PART-1-1
1
0
29
19403
1
19404
1
19412
1
19421
1
19422
1
19592
1
19593
1
19594
1
19595
1
19596
1
19597
1
19598
1
19599
1
19600
1
19601
1
19602
1
19603
1
19665
1
19666
1
19667
1
19668
1
19669
1
19670
1
19671
1
19672
1
19673
1
19674
1
19675
1
19676
1
CROSS-1_Z1_3_RIGHT_CNS_
0
0
0
1
PART-1-1
1
0
41
19393
1
19394
1
19420
1
19423
1
19424
1
19470
1
19471
1
19472
1
19473
1
19474
1
19475
1
19476
1
19477
1
19478
1
19479
1
19480
1
19481
1
19482
1
19483
1
19484
1
19485
1
19486
1
19487
1
19789
1
19790
1
19791
1
19792
1
19793
1
19794
1
19795
1
19796
1
19797
1
19798
1
19799
1
19800
1
19801
1
19802
1
19803
1
19804
1
19805
1
19806
1
CROSS-1_Z1_4_BOTTOM_CNS_
0
0
0
1
PART-1-1
1
0
39
24370
1
24371
1
24387
1
24503
1
24504
1
24505
1
24506
1
24507
1
24508
1
24509
1
24510
1
24511
1
24512
1
24513
1
24514
1
24515
1
24516
1
24517
1
24518
1
24519
1
24520
1
24666
1
24667
1
24668
1
24669
1
24670
1
24671
1
24672
1
24673
1
24674
1
24675
1
24676
1
24677
1
24678
1
24679
1
24680
1
24681
1
24682
1
24683
1
CROSS-1_Z1_4_LEFT_CNS_
0
0
0
1
PART-1-1
1
0
29
24375
1
24376
1
24384
1
24393
1
24394
1
24564
1
24565
1
24566
1
24567
1
24568
1
24569
1
24570
1
24571
1
24572
1
24573
1
24574
1
24575
1
24637
1
24638
1
24639
1
24640
1
24641
1
24642
1
24643
1
24644
1
24645
1
24646
1
24647
1
24648
1
CROSS-1_Z1_4_RIGHT_CNS_
0
0
0
1
PART-1-1
1
0
41
24365
1
24366
1
24392
1
24395
1
24396
1
24442
1
24443
1
24444
1
24445
1
24446
1
24447
1
24448
1
24449
1
24450
1
24451
1
24452
1
24453
1
24454
1
24455
1
24456
1
24457
1
24458
1
24459
1
24761
1
24762
1
24763
1
24764
1
24765
1
24766
1
24767
1
24768
1
24769
1
24770
1
24771
1
24772
1
24773
1
24774
1
24775
1
24776
1
24777
1
24778
1
CROSS-1_Z1_4_TOP_CNS_
0
0
0
1
PART-1-1
1
0
39
24380
1
24381
1
24390
1
24619
1
24620
1
24621
1
24622
1
24623
1
24624
1
24625
1
24626
1
24627
1
24628
1
24629
1
24630
1
24631
1
24632
1
24633
1
24634
1
24635
1
24636
1
24701
1
24702
1
24703
1
24704
1
24705
1
24706
1
24707
1
24708
1
24709
1
24710
1
24711
1
24712
1
24713
1
24714
1
24715
1
24716
1
24717
1
24718
1
CROSS-2_Z2_1_RIGHT_CNS_
0
0
0
1
PART-1-1
1
0
41
3
1
4
1
30
1
33
1
34
1
76
1
77
1
78
1
79
1
80
1
81
1
82
1
83
1
84
1
85
1
86
1
87
1
88
1
89
1
90
1
91
1
92
1
355
1
362
1
386
1
387
1
388
1
389
1
390
1
391
1
392
1
393
1
394
1
395
1
396
1
397
1
398
1
399
1
400
1
401
1
402
1
CROSS-2_Z2_1_TOP_CNS_
0
0
0
1
PART-1-1
1
0
39
18
1
19
1
28
1
241
1
242
1
243
1
244
1
245
1
246
1
247
1
248
1
249
1
250
1
251
1
252
1
253
1
254
1
255
1
256
1
257
1
321
1
322
1
323
1
324
1
325
1
326
1
327
1
328
1
329
1
330
1
331
1
332
1
333
1
334
1
335
1
336
1
337
1
356
1
357
1
CROSS-2_Z2_2_BOTTOM_CNS_
0
0
0
1
PART-1-1
1
0
39
12355
1
12356
1
12372
1
12480
1
12481
1
12482
1
12483
1
12484
1
12485
1
12486
1
12487
1
12488
1
12489
1
12490
1
12491
1
12492
1
12493
1
12494
1
12495
1
12496
1
12634
1
12635
1
12636
1
12637
1
12638
1
12639
1
12640
1
12641
1
12642
1
12643
1
12644
1
12645
1
12646
1
12647
1
12648
1
12649
1
12650
1
12707
1
12708
1
CROSS-2_Z2_2_LEFT_CNS_
0
0
0
1
PART-1-1
1
0
29
12360
1
12361
1
12369
1
12378
1
12379
1
12537
1
12538
1
12539
1
12540
1
12541
1
12542
1
12543
1
12544
1
12545
1
12546
1
12547
1
12606
1
12607
1
12608
1
12609
1
12610
1
12611
1
12612
1
12613
1
12614
1
12615
1
12616
1
12705
1
12706
1
CROSS-2_Z2_2_RIGHT_CNS_
0
0
0
1
PART-1-1
1
0
41
12350
1
12351
1
12377
1
12380
1
12381
1
12423
1
12424
1
12425
1
12426
1
12427
1
12428
1
12429
1
12430
1
12431
1
12432
1
12433
1
12434
1
12435
1
12436
1
12437
1
12438
1
12439
1
12702
1
12709
1
12733
1
12734
1
12735
1
12736
1
12737
1
12738
1
12739
1
12740
1
12741
1
12742
1
12743
1
12744
1
12745
1
12746
1
12747
1
12748
1
12749
1
CROSS-2_Z2_3_LEFT_CNS_
0
0
0
1
PART-1-1
1
0
29
14674
1
14675
1
14683
1
14692
1
14693
1
14851
1
14852
1
14853
1
14854
1
14855
1
14856
1
14857
1
14858
1
14859
1
14860
1
14861
1
14920
1
14921
1
14922
1
14923
1
14924
1
14925
1
14926
1
14927
1
14928
1
14929
1
14930
1
15019
1
15020
1
CROSS-2_Z2_3_RIGHT_CNS_
0
0
0
1
PART-1-1
1
0
41
14664
1
14665
1
14691
1
14694
1
14695
1
14737
1
14738
1
14739
1
14740
1
14741
1
14742
1
14743
1
14744
1
14745
1
14746
1
14747
1
14748
1
14749
1
14750
1
14751
1
14752
1
14753
1
15016
1
15023
1
15047
1
15048
1
15049
1
15050
1
15051
1
15052
1
15053
1
15054
1
15055
1
15056
1
15057
1
15058
1
15059
1
15060
1
15061
1
15062
1
15063
1
CROSS-2_Z2_3_TOP_CNS_
0
0
0
1
PART-1-1
1
0
39
14679
1
14680
1
14689
1
14902
1
14903
1
14904
1
14905
1
14906
1
14907
1
14908
1
14909
1
14910
1
14911
1
14912
1
14913
1
14914
1
14915
1
14916
1
14917
1
14918
1
14982
1
14983
1
14984
1
14985
1
14986
1
14987
1
14988
1
14989
1
14990
1
14991
1
14992
1
14993
1
14994
1
14995
1
14996
1
14997
1
14998
1
15017
1
15018
1
CROSS-2_Z2_4_LEFT_CNS_
0
0
0
1
PART-1-1
1
0
29
29347
1
29348
1
29356
1
29365
1
29366
1
29524
1
29525
1
29526
1
29527
1
29528
1
29529
1
29530
1
29531
1
29532
1
29533
1
29534
1
29593
1
29594
1
29595
1
29596
1
29597
1
29598
1
29599
1
29600
1
29601
1
29602
1
29603
1
29692
1
29693
1
CROSS-2_Z2_4_TOP_CNS_
0
0
0
1
PART-1-1
1
0
39
29352
1
29353
1
29362
1
29575
1
29576
1
29577
1
29578
1
29579
1
29580
1
29581
1
29582
1
29583
1
29584
1
29585
1
29586
1
29587
1
29588
1
29589
1
29590
1
29591
1
29655
1
29656
1
29657
1
29658
1
29659
1
29660
1
29661
1
29662
1
29663
1
29664
1
29665
1
29666
1
29667
1
29668
1
29669
1
29670
1
29671
1
29690
1
29691
1
CROSS-3_Z3_1_BOTTOM_CNS_
0
0
0
1
PART-1-1
1
0
39
2576
1
2577
1
2593
1
2705
1
2706
1
2707
1
2708
1
2709
1
2710
1
2711
1
2712
1
2713
1
2714
1
2715
1
2716
1
2717
1
2718
1
2719
1
2720
1
2721
1
2722
1
2862
1
2863
1
2864
1
2865
1
2866
1
2867
1
2868
1
2869
1
2870
1
2871
1
2872
1
2873
1
2874
1
2875
1
2876
1
2877
1
2878
1
2879
1
CROSS-3_Z3_1_RIGHT_CNS_
0
0
0
1
PART-1-1
1
0
41
2571
1
2572
1
2598
1
2601
1
2602
1
2646
1
2647
1
2648
1
2649
1
2650
1
2651
1
2652
1
2653
1
2654
1
2655
1
2656
1
2657
1
2658
1
2659
1
2660
1
2661
1
2662
1
2663
1
2954
1
2955
1
2956
1
2957
1
2958
1
2959
1
2960
1
2961
1
2962
1
2963
1
2964
1
2965
1
2966
1
2967
1
2968
1
2969
1
2970
1
2971
1
CROSS-3_Z3_1_TOP_CNS_
0
0
0
1
PART-1-1
1
0
39
2586
1
2587
1
2596
1
2817
1
2818
1
2819
1
2820
1
2821
1
2822
1
2823
1
2824
1
2825
1
2826
1
2827
1
2828
1
2829
1
2830
1
2831
1
2832
1
2833
1
2834
1
2896
1
2897
1
2898
1
2899
1
2900
1
2901
1
2902
1
2903
1
2904
1
2905
1
2906
1
2907
1
2908
1
2909
1
2910
1
2911
1
2912
1
2913
1
CROSS-3_Z3_2_BOTTOM_CNS_
0
0
0
1
PART-1-1
1
0
39
16983
1
16984
1
17000
1
17112
1
17113
1
17114
1
17115
1
17116
1
17117
1
17118
1
17119
1
17120
1
17121
1
17122
1
17123
1
17124
1
17125
1
17126
1
17127
1
17128
1
17129
1
17269
1
17270
1
17271
1
17272
1
17273
1
17274
1
17275
1
17276
1
17277
1
17278
1
17279
1
17280
1
17281
1
17282
1
17283
1
17284
1
17285
1
17286
1
CROSS-3_Z3_2_LEFT_CNS_
0
0
0
1
PART-1-1
1
0
27
16988
1
16989
1
16997
1
17006
1
17007
1
17172
1
17173
1
17174
1
17175
1
17176
1
17177
1
17178
1
17179
1
17180
1
17181
1
17182
1
17242
1
17243
1
17244
1
17245
1
17246
1
17247
1
17248
1
17249
1
17250
1
17251
1
17252
1
CROSS-3_Z3_2_RIGHT_CNS_
0
0
0
1
PART-1-1
1
0
41
16978
1
16979
1
17005
1
17008
1
17009
1
17053
1
17054
1
17055
1
17056
1
17057
1
17058
1
17059
1
17060
1
17061
1
17062
1
17063
1
17064
1
17065
1
17066
1
17067
1
17068
1
17069
1
17070
1
17361
1
17362
1
17363
1
17364
1
17365
1
17366
1
17367
1
17368
1
17369
1
17370
1
17371
1
17372
1
17373
1
17374
1
17375
1
17376
1
17377
1
17378
1
CROSS-3_Z3_2_TOP_CNS_
0
0
0
1
PART-1-1
1
0
39
16993
1
16994
1
17003
1
17224
1
17225
1
17226
1
17227
1
17228
1
17229
1
17230
1
17231
1
17232
1
17233
1
17234
1
17235
1
17236
1
17237
1
17238
1
17239
1
17240
1
17241
1
17303
1
17304
1
17305
1
17306
1
17307
1
17308
1
17309
1
17310
1
17311
1
17312
1
17313
1
17314
1
17315
1
17316
1
17317
1
17318
1
17319
1
17320
1
CROSS-3_Z3_3_LEFT_CNS_
0
0
0
1
PART-1-1
1
0
27
21960
1
21961
1
21969
1
21978
1
21979
1
22144
1
22145
1
22146
1
22147
1
22148
1
22149
1
22150
1
22151
1
22152
1
22153
1
22154
1
22214
1
22215
1
22216
1
22217
1
22218
1
22219
1
22220
1
22221
1
22222
1
22223
1
22224
1
CROSS-3_Z3_3_RIGHT_CNS_
0
0
0
1
PART-1-1
1
0
41
21950
1
21951
1
21977
1
21980
1
21981
1
22025
1
22026
1
22027
1
22028
1
22029
1
22030
1
22031
1
22032
1
22033
1
22034
1
22035
1
22036
1
22037
1
22038
1
22039
1
22040
1
22041
1
22042
1
22333
1
22334
1
22335
1
22336
1
22337
1
22338
1
22339
1
22340
1
22341
1
22342
1
22343
1
22344
1
22345
1
22346
1
22347
1
22348
1
22349
1
22350
1
CROSS-3_Z3_3_TOP_CNS_
0
0
0
1
PART-1-1
1
0
39
21965
1
21966
1
21975
1
22196
1
22197
1
22198
1
22199
1
22200
1
22201
1
22202
1
22203
1
22204
1
22205
1
22206
1
22207
1
22208
1
22209
1
22210
1
22211
1
22212
1
22213
1
22275
1
22276
1
22277
1
22278
1
22279
1
22280
1
22281
1
22282
1
22283
1
22284
1
22285
1
22286
1
22287
1
22288
1
22289
1
22290
1
22291
1
22292
1
CROSS-3_Z3_4_BOTTOM_CNS_
0
0
0
1
PART-1-1
1
0
39
26927
1
26928
1
26944
1
27056
1
27057
1
27058
1
27059
1
27060
1
27061
1
27062
1
27063
1
27064
1
27065
1
27066
1
27067
1
27068
1
27069
1
27070
1
27071
1
27072
1
27073
1
27213
1
27214
1
27215
1
27216
1
27217
1
27218
1
27219
1
27220
1
27221
1
27222
1
27223
1
27224
1
27225
1
27226
1
27227
1
27228
1
27229
1
27230
1
CROSS-3_Z3_4_LEFT_CNS_
0
0
0
1
PART-1-1
1
0
27
26932
1
26933
1
26941
1
26950
1
26951
1
27116
1
27117
1
27118
1
27119
1
27120
1
27121
1
27122
1
27123
1
27124
1
27125
1
27126
1
27186
1
27187
1
27188
1
27189
1
27190
1
27191
1
27192
1
27193
1
27194
1
27195
1
27196
1
CROSS-3_Z3_4_RIGHT_CNS_
0
0
0
1
PART-1-1
1
0
41
26922
1
26923
1
26949
1
26952
1
26953
1
26997
1
26998
1
26999
1
27000
1
27001
1
27002
1
27003
1
27004
1
27005
1
27006
1
27007
1
27008
1
27009
1
27010
1
27011
1
27012
1
27013
1
27014
1
27305
1
27306
1
27307
1
27308
1
27309
1
27310
1
27311
1
27312
1
27313
1
27314
1
27315
1
27316
1
27317
1
27318
1
27319
1
27320
1
27321
1
27322
1
CROSS-3_Z3_5_BOTTOM_CNS_
0
0
0
1
PART-1-1
1
0
39
33906
1
33907
1
33923
1
34035
1
34036
1
34037
1
34038
1
34039
1
34040
1
34041
1
34042
1
34043
1
34044
1
34045
1
34046
1
34047
1
34048
1
34049
1
34050
1
34051
1
34052
1
34192
1
34193
1
34194
1
34195
1
34196
1
34197
1
34198
1
34199
1
34200
1
34201
1
34202
1
34203
1
34204
1
34205
1
34206
1
34207
1
34208
1
34209
1
CROSS-3_Z3_5_LEFT_CNS_
0
0
0
1
PART-1-1
1
0
27
33911
1
33912
1
33920
1
33929
1
33930
1
34095
1
34096
1
34097
1
34098
1
34099
1
34100
1
34101
1
34102
1
34103
1
34104
1
34105
1
34165
1
34166
1
34167
1
34168
1
34169
1
34170
1
34171
1
34172
1
34173
1
34174
1
34175
1
CROSS-4_Z4_1_BOTTOM_CNS_
0
0
0
1
PART-1-1
1
0
40
4991
1
4992
1
5008
1
5113
1
5114
1
5115
1
5116
1
5117
1
5118
1
5119
1
5120
1
5121
1
5122
1
5123
1
5124
1
5125
1
5126
1
5127
1
5128
1
5129
1
5130
1
5266
1
5267
1
5268
1
5269
1
5270
1
5271
1
5272
1
5273
1
5274
1
5275
1
5276
1
5277
1
5278
1
5279
1
5280
1
5281
1
5282
1
5335
1
5336
1
CROSS-4_Z4_1_RIGHT_CNS_
0
0
0
1
PART-1-1
1
0
41
4986
1
4987
1
5013
1
5016
1
5017
1
5057
1
5058
1
5059
1
5060
1
5061
1
5062
1
5063
1
5064
1
5065
1
5066
1
5067
1
5068
1
5069
1
5070
1
5071
1
5072
1
5073
1
5330
1
5337
1
5360
1
5361
1
5362
1
5363
1
5364
1
5365
1
5366
1
5367
1
5368
1
5369
1
5370
1
5371
1
5372
1
5373
1
5374
1
5375
1
5376
1
CROSS-4_Z4_2_BOTTOM_CNS_
0
0
0
1
PART-1-1
1
0
40
31656
1
31657
1
31673
1
31778
1
31779
1
31780
1
31781
1
31782
1
31783
1
31784
1
31785
1
31786
1
31787
1
31788
1
31789
1
31790
1
31791
1
31792
1
31793
1
31794
1
31795
1
31931
1
31932
1
31933
1
31934
1
31935
1
31936
1
31937
1
31938
1
31939
1
31940
1
31941
1
31942
1
31943
1
31944
1
31945
1
31946
1
31947
1
32000
1
32001
1
CROSS-4_Z4_2_LEFT_CNS_
0
0
0
1
PART-1-1
1
0
30
31661
1
31662
1
31670
1
31679
1
31680
1
31835
1
31836
1
31837
1
31838
1
31839
1
31840
1
31841
1
31842
1
31843
1
31844
1
31845
1
31846
1
31905
1
31906
1
31907
1
31908
1
31909
1
31910
1
31911
1
31912
1
31913
1
31914
1
31915
1
31998
1
31999
1
CROSS-4_Z4_2_TOP_CNS_
0
0
0
1
PART-1-1
1
0
40
31666
1
31667
1
31676
1
31886
1
31887
1
31888
1
31889
1
31890
1
31891
1
31892
1
31893
1
31894
1
31895
1
31896
1
31897
1
31898
1
31899
1
31900
1
31901
1
31902
1
31903
1
31963
1
31964
1
31965
1
31966
1
31967
1
31968
1
31969
1
31970
1
31971
1
31972
1
31973
1
31974
1
31975
1
31976
1
31977
1
31978
1
31979
1
31996
1
31997
1
TOPBCNODES_CNS_
0
0
0
1
PART-1-1
1
0
196
5001
1
5002
1
5011
1
5221
1
5222
1
5223
1
5224
1
5225
1
5226
1
5227
1
5228
1
5229
1
5230
1
5231
1
5232
1
5233
1
5234
1
5235
1
5236
1
5237
1
5238
1
5298
1
5299
1
5300
1
5301
1
5302
1
5303
1
5304
1
5305
1
5306
1
5307
1
5308
1
5309
1
5310
1
5311
1
5312
1
5313
1
5314
1
5331
1
5332
1
12365
1
12366
1
12375
1
12588
1
12589
1
12590
1
12591
1
12592
1
12593
1
12594
1
12595
1
12596
1
12597
1
12598
1
12599
1
12600
1
12601
1
12602
1
12603
1
12604
1
12668
1
12669
1
12670
1
12671
1
12672
1
12673
1
12674
1
12675
1
12676
1
12677
1
12678
1
12679
1
12680
1
12681
1
12682
1
12683
1
12684
1
12703
1
12704
1
19408
1
19409
1
19418
1
19647
1
19648
1
19649
1
19650
1
19651
1
19652
1
19653
1
19654
1
19655
1
19656
1
19657
1
19658
1
19659
1
19660
1
19661
1
19662
1
19663
1
19664
1
19729
1
19730
1
19731
1
19732
1
19733
1
19734
1
19735
1
19736
1
19737
1
19738
1
19739
1
19740
1
19741
1
19742
1
19743
1
19744
1
19745
1
19746
1
26937
1
26938
1
26947
1
27168
1
27169
1
27170
1
27171
1
27172
1
27173
1
27174
1
27175
1
27176
1
27177
1
27178
1
27179
1
27180
1
27181
1
27182
1
27183
1
27184
1
27185
1
27247
1
27248
1
27249
1
27250
1
27251
1
27252
1
27253
1
27254
1
27255
1
27256
1
27257
1
27258
1
27259
1
27260
1
27261
1
27262
1
27263
1
27264
1
33916
1
33917
1
33926
1
34147
1
34148
1
34149
1
34150
1
34151
1
34152
1
34153
1
34154
1
34155
1
34156
1
34157
1
34158
1
34159
1
34160
1
34161
1
34162
1
34163
1
34164
1
34226
1
34227
1
34228
1
34229
1
34230
1
34231
1
34232
1
34233
1
34234
1
34235
1
34236
1
34237
1
34238
1
34239
1
34240
1
34241
1
34242
1
34243
1
