0
1
0
Assembly-1
1
PART-1-1
PART-1
1
PART-1-1
2225
1
3
4
8
9
13
14
18
19
22
25
28
30
31
32
33
34
78
79
80
81
82
83
84
85
86
87
88
89
90
91
92
93
94
95
137
138
139
140
141
142
143
144
145
146
147
148
149
150
151
152
153
154
197
198
199
200
201
202
203
204
205
206
207
249
250
251
252
253
254
255
256
257
258
259
260
261
262
263
264
265
266
267
268
269
270
271
272
273
274
275
276
277
294
295
296
297
298
299
300
301
302
303
304
305
306
307
308
309
310
311
328
329
330
331
332
333
334
335
336
337
338
339
340
341
342
343
344
345
386
387
388
389
390
391
392
393
394
395
396
397
398
399
400
401
402
403
2675
2676
2680
2681
2685
2686
2690
2691
2694
2697
2700
2702
2703
2704
2705
2706
2752
2753
2754
2755
2756
2757
2758
2759
2760
2761
2762
2763
2764
2765
2766
2767
2768
2769
2813
2814
2815
2816
2817
2818
2819
2820
2821
2822
2823
2824
2825
2826
2827
2828
2829
2830
2874
2875
2876
2877
2878
2879
2880
2881
2882
2883
2884
2885
2929
2930
2931
2932
2933
2934
2935
2936
2937
2938
2939
2940
2941
2942
2943
2944
2945
2946
2947
2948
2949
2950
2951
2952
2953
2954
2955
2956
2957
2958
2976
2977
2978
2979
2980
2981
2982
2983
2984
2985
2986
2987
2988
2989
2990
2991
2992
2993
3011
3012
3013
3014
3015
3016
3017
3018
3019
3020
3021
3022
3023
3024
3025
3026
3027
3028
3071
3072
3073
3074
3075
3076
3077
3078
3079
3080
3081
3082
3083
3084
3085
3086
3087
3088
5232
5233
5237
5238
5242
5243
5247
5248
5251
5254
5257
5259
5260
5261
5262
5263
5305
5306
5307
5308
5309
5310
5311
5312
5313
5314
5315
5316
5317
5318
5319
5320
5321
5362
5363
5364
5365
5366
5367
5368
5369
5370
5371
5372
5373
5374
5375
5376
5377
5378
5419
5420
5421
5422
5423
5424
5425
5426
5427
5428
5429
5470
5471
5472
5473
5474
5475
5476
5477
5478
5479
5480
5481
5482
5483
5484
5485
5486
5488
5489
5490
5491
5492
5493
5494
5495
5496
5497
5498
5516
5517
5518
5519
5520
5521
5522
5523
5524
5525
5526
5527
5528
5529
5530
5531
5532
5550
5551
5552
5553
5554
5555
5556
5557
5558
5559
5560
5561
5562
5563
5564
5565
5566
5584
5585
5586
5587
5588
5589
5590
5591
5615
5616
5617
5618
5619
5620
5621
5622
5623
5624
5625
5626
5627
5628
5629
5630
5631
7546
7547
7551
7552
7556
7557
7561
7562
7565
7568
7571
7573
7574
7575
7576
7577
7617
7618
7619
7620
7621
7622
7623
7624
7625
7626
7627
7628
7629
7630
7631
7632
7633
7673
7674
7675
7676
7677
7678
7679
7680
7681
7682
7683
7684
7685
7686
7687
7688
7689
7690
7730
7731
7732
7733
7734
7735
7736
7737
7738
7739
7740
7741
7781
7782
7783
7784
7785
7786
7787
7788
7789
7790
7791
7792
7793
7794
7795
7796
7797
7798
7800
7801
7802
7803
7804
7805
7806
7807
7808
7809
7810
7826
7827
7828
7829
7830
7831
7832
7833
7834
7835
7836
7837
7838
7839
7840
7841
7842
7858
7859
7860
7861
7862
7863
7864
7865
7866
7867
7868
7869
7870
7871
7872
7873
7874
7890
7891
7892
7893
7894
7895
7896
7897
7920
7921
7922
7923
7924
7925
7926
7927
7928
7929
7930
7931
7932
7933
7934
7935
7936
9796
9797
9801
9802
9806
9807
9811
9812
9815
9818
9821
9823
9824
9825
9826
9827
9873
9874
9875
9876
9877
9878
9879
9880
9881
9882
9883
9884
9885
9886
9887
9888
9889
9890
9934
9935
9936
9937
9938
9939
9940
9941
9942
9943
9944
9945
9946
9947
9948
9949
9950
9951
9995
9996
9997
9998
9999
10000
10001
10002
10003
10004
10005
10006
10050
10051
10052
10053
10054
10055
10056
10057
10058
10059
10060
10061
10062
10063
10064
10065
10066
10067
10068
10069
10070
10071
10072
10073
10074
10075
10076
10077
10078
10079
10097
10098
10099
10100
10101
10102
10103
10104
10105
10106
10107
10108
10109
10110
10111
10112
10113
10114
10132
10133
10134
10135
10136
10137
10138
10139
10140
10141
10142
10143
10144
10145
10146
10147
10148
10149
10192
10193
10194
10195
10196
10197
10198
10199
10200
10201
10202
10203
10204
10205
10206
10207
10208
10209
12353
12354
12358
12359
12363
12364
12368
12369
12372
12375
12378
12380
12381
12382
12383
12384
12424
12425
12426
12427
12428
12429
12430
12431
12432
12433
12434
12435
12436
12437
12438
12439
12440
12480
12481
12482
12483
12484
12485
12486
12487
12488
12489
12490
12491
12492
12493
12494
12495
12496
12497
12537
12538
12539
12540
12541
12542
12543
12544
12545
12546
12547
12548
12588
12589
12590
12591
12592
12593
12594
12595
12596
12597
12598
12599
12600
12601
12602
12603
12604
12605
12607
12608
12609
12610
12611
12612
12613
12614
12615
12616
12617
12633
12634
12635
12636
12637
12638
12639
12640
12641
12642
12643
12644
12645
12646
12647
12648
12649
12665
12666
12667
12668
12669
12670
12671
12672
12673
12674
12675
12676
12677
12678
12679
12680
12681
12697
12698
12699
12700
12701
12702
12703
12704
12727
12728
12729
12730
12731
12732
12733
12734
12735
12736
12737
12738
12739
12740
12741
12742
12743
14603
14604
14608
14609
14613
14614
14618
14619
14622
14625
14628
14630
14631
14632
14633
14634
14680
14681
14682
14683
14684
14685
14686
14687
14688
14689
14690
14691
14692
14693
14694
14695
14696
14697
14741
14742
14743
14744
14745
14746
14747
14748
14749
14750
14751
14752
14753
14754
14755
14756
14757
14758
14802
14803
14804
14805
14806
14807
14808
14809
14810
14811
14812
14813
14857
14858
14859
14860
14861
14862
14863
14864
14865
14866
14867
14868
14869
14870
14871
14872
14873
14874
14875
14876
14877
14878
14879
14880
14881
14882
14883
14884
14885
14886
14904
14905
14906
14907
14908
14909
14910
14911
14912
14913
14914
14915
14916
14917
14918
14919
14920
14921
14939
14940
14941
14942
14943
14944
14945
14946
14947
14948
14949
14950
14951
14952
14953
14954
14955
14956
14999
15000
15001
15002
15003
15004
15005
15006
15007
15008
15009
15010
15011
15012
15013
15014
15015
15016
17160
17161
17165
17166
17170
17171
17175
17176
17179
17182
17185
17187
17188
17189
17190
17191
17235
17236
17237
17238
17239
17240
17241
17242
17243
17244
17245
17246
17247
17248
17249
17250
17251
17252
17294
17295
17296
17297
17298
17299
17300
17301
17302
17303
17304
17305
17306
17307
17308
17309
17310
17311
17354
17355
17356
17357
17358
17359
17360
17361
17362
17363
17364
17406
17407
17408
17409
17410
17411
17412
17413
17414
17415
17416
17417
17418
17419
17420
17421
17422
17423
17424
17425
17426
17427
17428
17429
17430
17431
17432
17433
17434
17451
17452
17453
17454
17455
17456
17457
17458
17459
17460
17461
17462
17463
17464
17465
17466
17467
17468
17485
17486
17487
17488
17489
17490
17491
17492
17493
17494
17495
17496
17497
17498
17499
17500
17501
17502
17543
17544
17545
17546
17547
17548
17549
17550
17551
17552
17553
17554
17555
17556
17557
17558
17559
17560
19575
19576
19580
19581
19585
19586
19590
19591
19594
19597
19600
19602
19603
19604
19605
19606
19652
19653
19654
19655
19656
19657
19658
19659
19660
19661
19662
19663
19664
19665
19666
19667
19668
19669
19713
19714
19715
19716
19717
19718
19719
19720
19721
19722
19723
19724
19725
19726
19727
19728
19729
19730
19774
19775
19776
19777
19778
19779
19780
19781
19782
19783
19784
19785
19829
19830
19831
19832
19833
19834
19835
19836
19837
19838
19839
19840
19841
19842
19843
19844
19845
19846
19847
19848
19849
19850
19851
19852
19853
19854
19855
19856
19857
19858
19876
19877
19878
19879
19880
19881
19882
19883
19884
19885
19886
19887
19888
19889
19890
19891
19892
19893
19911
19912
19913
19914
19915
19916
19917
19918
19919
19920
19921
19922
19923
19924
19925
19926
19927
19928
19971
19972
19973
19974
19975
19976
19977
19978
19979
19980
19981
19982
19983
19984
19985
19986
19987
19988
22132
22133
22137
22138
22142
22143
22147
22148
22151
22154
22157
22159
22160
22161
22162
22163
22207
22208
22209
22210
22211
22212
22213
22214
22215
22216
22217
22218
22219
22220
22221
22222
22223
22224
22266
22267
22268
22269
22270
22271
22272
22273
22274
22275
22276
22277
22278
22279
22280
22281
22282
22283
22326
22327
22328
22329
22330
22331
22332
22333
22334
22335
22336
22378
22379
22380
22381
22382
22383
22384
22385
22386
22387
22388
22389
22390
22391
22392
22393
22394
22395
22396
22397
22398
22399
22400
22401
22402
22403
22404
22405
22406
22423
22424
22425
22426
22427
22428
22429
22430
22431
22432
22433
22434
22435
22436
22437
22438
22439
22440
22457
22458
22459
22460
22461
22462
22463
22464
22465
22466
22467
22468
22469
22470
22471
22472
22473
22474
22515
22516
22517
22518
22519
22520
22521
22522
22523
22524
22525
22526
22527
22528
22529
22530
22531
22532
24547
24548
24552
24553
24557
24558
24562
24563
24566
24569
24572
24574
24575
24576
24577
24578
24622
24623
24624
24625
24626
24627
24628
24629
24630
24631
24632
24633
24634
24635
24636
24637
24638
24639
24681
24682
24683
24684
24685
24686
24687
24688
24689
24690
24691
24692
24693
24694
24695
24696
24697
24698
24741
24742
24743
24744
24745
24746
24747
24748
24749
24750
24751
24793
24794
24795
24796
24797
24798
24799
24800
24801
24802
24803
24804
24805
24806
24807
24808
24809
24810
24811
24812
24813
24814
24815
24816
24817
24818
24819
24820
24821
24838
24839
24840
24841
24842
24843
24844
24845
24846
24847
24848
24849
24850
24851
24852
24853
24854
24855
24872
24873
24874
24875
24876
24877
24878
24879
24880
24881
24882
24883
24884
24885
24886
24887
24888
24889
24930
24931
24932
24933
24934
24935
24936
24937
24938
24939
24940
24941
24942
24943
24944
24945
24946
24947
26962
26963
26967
26968
26972
26973
26977
26978
26981
26984
26987
26989
26990
26991
26992
26993
27033
27034
27035
27036
27037
27038
27039
27040
27041
27042
27043
27044
27045
27046
27047
27048
27049
27089
27090
27091
27092
27093
27094
27095
27096
27097
27098
27099
27100
27101
27102
27103
27104
27105
27106
27146
27147
27148
27149
27150
27151
27152
27153
27154
27155
27156
27157
27197
27198
27199
27200
27201
27202
27203
27204
27205
27206
27207
27208
27209
27210
27211
27212
27213
27214
27216
27217
27218
27219
27220
27221
27222
27223
27224
27225
27226
27242
27243
27244
27245
27246
27247
27248
27249
27250
27251
27252
27253
27254
27255
27256
27257
27258
27274
27275
27276
27277
27278
27279
27280
27281
27282
27283
27284
27285
27286
27287
27288
27289
27290
27306
27307
27308
27309
27310
27311
27312
27313
27336
27337
27338
27339
27340
27341
27342
27343
27344
27345
27346
27347
27348
27349
27350
27351
27352
29212
29213
29217
29218
29222
29223
29227
29228
29231
29234
29237
29239
29240
29241
29242
29243
29283
29284
29285
29286
29287
29288
29289
29290
29291
29292
29293
29294
29295
29296
29297
29298
29299
29339
29340
29341
29342
29343
29344
29345
29346
29347
29348
29349
29350
29351
29352
29353
29354
29355
29356
29396
29397
29398
29399
29400
29401
29402
29403
29404
29405
29406
29407
29447
29448
29449
29450
29451
29452
29453
29454
29455
29456
29457
29458
29459
29460
29461
29462
29463
29464
29466
29467
29468
29469
29470
29471
29472
29473
29474
29475
29476
29492
29493
29494
29495
29496
29497
29498
29499
29500
29501
29502
29503
29504
29505
29506
29507
29508
29524
29525
29526
29527
29528
29529
29530
29531
29532
29533
29534
29535
29536
29537
29538
29539
29540
29556
29557
29558
29559
29560
29561
29562
29563
29586
29587
29588
29589
29590
29591
29592
29593
29594
29595
29596
29597
29598
29599
29600
29601
29602
31462
31463
31467
31468
31472
31473
31477
31478
31481
31484
31487
31489
31490
31491
31492
31493
31535
31536
31537
31538
31539
31540
31541
31542
31543
31544
31545
31546
31547
31548
31549
31550
31551
31592
31593
31594
31595
31596
31597
31598
31599
31600
31601
31602
31603
31604
31605
31606
31607
31608
31649
31650
31651
31652
31653
31654
31655
31656
31657
31658
31659
31700
31701
31702
31703
31704
31705
31706
31707
31708
31709
31710
31711
31712
31713
31714
31715
31716
31718
31719
31720
31721
31722
31723
31724
31725
31726
31727
31728
31746
31747
31748
31749
31750
31751
31752
31753
31754
31755
31756
31757
31758
31759
31760
31761
31762
31780
31781
31782
31783
31784
31785
31786
31787
31788
31789
31790
31791
31792
31793
31794
31795
31796
31814
31815
31816
31817
31818
31819
31820
31821
31845
31846
31847
31848
31849
31850
31851
31852
31853
31854
31855
31856
31857
31858
31859
31860
31861
33776
33777
33781
33782
33786
33787
33791
33792
33795
33798
33801
33803
33804
33805
33806
33807
33853
33854
33855
33856
33857
33858
33859
33860
33861
33862
33863
33864
33865
33866
33867
33868
33869
33870
33914
33915
33916
33917
33918
33919
33920
33921
33922
33923
33924
33925
33926
33927
33928
33929
33930
33931
33975
33976
33977
33978
33979
33980
33981
33982
33983
33984
33985
33986
34030
34031
34032
34033
34034
34035
34036
34037
34038
34039
34040
34041
34042
34043
34044
34045
34046
34047
34048
34049
34050
34051
34052
34053
34054
34055
34056
34057
34058
34059
34077
34078
34079
34080
34081
34082
34083
34084
34085
34086
34087
34088
34089
34090
34091
34092
34093
34094
34112
34113
34114
34115
34116
34117
34118
34119
34120
34121
34122
34123
34124
34125
34126
34127
34128
34129
34172
34173
34174
34175
34176
34177
34178
34179
34180
34181
34182
34183
34184
34185
34186
34187
34188
34189
0
1
PART-1-1
16
1
2
3
4
5
6
7
8
9
10
11
12
13
14
15
16
0
1
 SHADOW
0
4
0
1
PART-1-1
1
16 
0
1
PART-1-1
15
CROSS-1_Z1_1__CROSS-1_Z1_ELSET
0
1
1
2 
0
0
CROSS-1_Z1_2__CROSS-1_Z1_ELSET
0
1
1
5 
0
0
CROSS-1_Z1_3__CROSS-1_Z1_ELSET
0
1
1
7 
0
0
CROSS-1_Z1_4__CROSS-1_Z1_ELSET
0
1
1
9 
0
0
CROSS-1_Z1_5__CROSS-1_Z1_ELSET
0
1
1
15 
0
0
CROSS-2_Z2_1__CROSS-2_Z2_ELSET
0
1
1
3 
0
0
CROSS-2_Z2_2__CROSS-2_Z2_ELSET
0
1
1
14 
0
0
CROSS-3_Z3_1__CROSS-3_Z3_ELSET
0
1
1
1 
0
0
CROSS-3_Z3_2__CROSS-3_Z3_ELSET
0
1
1
8 
0
0
CROSS-3_Z3_3__CROSS-3_Z3_ELSET
0
1
1
10 
0
0
CROSS-3_Z3_4__CROSS-3_Z3_ELSET
0
1
1
11 
0
0
CROSS-4_Z4_1__CROSS-4_Z4_ELSET
0
1
1
4 
0
0
CROSS-4_Z4_2__CROSS-4_Z4_ELSET
0
1
1
6 
0
0
CROSS-4_Z4_3__CROSS-4_Z4_ELSET
0
1
1
12 
0
0
CROSS-4_Z4_4__CROSS-4_Z4_ELSET
0
1
1
13 
0
0
0
0
1
PART-1-1
64
BOTTOMBCNODES
0
1
197
8 9 25 137 138 139 140 141 142 143 144 145 146 147 148 149 150 151 152 153 154 294 295 296 297 298 299 300 301 302 303 304 305 306 307 308 309 310 311 7551 7552 7568 7673 7674 7675 7676 7677 7678 7679 7680 7681 7682 7683 7684 7685 7686 7687 7688 7689 7690 7826 7827 7828 7829 7830 7831 7832 7833 7834 7835 7836 7837 7838 7839 7840 7841 7842 7895 7896 14608 14609 14625 14741 14742 14743 14744 14745 14746 14747 14748 14749 14750 14751 14752 14753 14754 14755 14756 14757 14758 14904 14905 14906 14907 14908 14909 14910 14911 14912 14913 14914 14915 14916 14917 14918 14919 14920 14921 22137 22138 22154 22266 22267 22268 22269 22270 22271 22272 22273 22274 22275 22276 22277 22278 22279 22280 22281 22282 22283 22423 22424 22425 22426 22427 22428 22429 22430 22431 22432 22433 22434 22435 22436 22437 22438 22439 22440 29217 29218 29234 29339 29340 29341 29342 29343 29344 29345 29346 29347 29348 29349 29350 29351 29352 29353 29354 29355 29356 29492 29493 29494 29495 29496 29497 29498 29499 29500 29501 29502 29503 29504 29505 29506 29507 29508 29561 29562 
0
0
CROSS-1_Z1_1_BOTTOM
0
1
39
2680 2681 2697 2813 2814 2815 2816 2817 2818 2819 2820 2821 2822 2823 2824 2825 2826 2827 2828 2829 2830 2976 2977 2978 2979 2980 2981 2982 2983 2984 2985 2986 2987 2988 2989 2990 2991 2992 2993 
0
0
CROSS-1_Z1_1_LEFT
0
1
29
2685 2686 2694 2703 2704 2874 2875 2876 2877 2878 2879 2880 2881 2882 2883 2884 2885 2947 2948 2949 2950 2951 2952 2953 2954 2955 2956 2957 2958 
0
0
CROSS-1_Z1_1_RIGHT
0
1
41
2675 2676 2702 2705 2706 2752 2753 2754 2755 2756 2757 2758 2759 2760 2761 2762 2763 2764 2765 2766 2767 2768 2769 3071 3072 3073 3074 3075 3076 3077 3078 3079 3080 3081 3082 3083 3084 3085 3086 3087 3088 
0
0
CROSS-1_Z1_1_TOP
0
1
39
2690 2691 2700 2929 2930 2931 2932 2933 2934 2935 2936 2937 2938 2939 2940 2941 2942 2943 2944 2945 2946 3011 3012 3013 3014 3015 3016 3017 3018 3019 3020 3021 3022 3023 3024 3025 3026 3027 3028 
0
0
CROSS-1_Z1_2_BOTTOM
0
1
39
9801 9802 9818 9934 9935 9936 9937 9938 9939 9940 9941 9942 9943 9944 9945 9946 9947 9948 9949 9950 9951 10097 10098 10099 10100 10101 10102 10103 10104 10105 10106 10107 10108 10109 10110 10111 10112 10113 10114 
0
0
CROSS-1_Z1_2_LEFT
0
1
29
9806 9807 9815 9824 9825 9995 9996 9997 9998 9999 10000 10001 10002 10003 10004 10005 10006 10068 10069 10070 10071 10072 10073 10074 10075 10076 10077 10078 10079 
0
0
CROSS-1_Z1_2_RIGHT
0
1
41
9796 9797 9823 9826 9827 9873 9874 9875 9876 9877 9878 9879 9880 9881 9882 9883 9884 9885 9886 9887 9888 9889 9890 10192 10193 10194 10195 10196 10197 10198 10199 10200 10201 10202 10203 10204 10205 10206 10207 10208 10209 
0
0
CROSS-1_Z1_2_TOP
0
1
39
9811 9812 9821 10050 10051 10052 10053 10054 10055 10056 10057 10058 10059 10060 10061 10062 10063 10064 10065 10066 10067 10132 10133 10134 10135 10136 10137 10138 10139 10140 10141 10142 10143 10144 10145 10146 10147 10148 10149 
0
0
CROSS-1_Z1_3_BOTTOM
0
1
39
14608 14609 14625 14741 14742 14743 14744 14745 14746 14747 14748 14749 14750 14751 14752 14753 14754 14755 14756 14757 14758 14904 14905 14906 14907 14908 14909 14910 14911 14912 14913 14914 14915 14916 14917 14918 14919 14920 14921 
0
0
CROSS-1_Z1_3_LEFT
0
1
29
14613 14614 14622 14631 14632 14802 14803 14804 14805 14806 14807 14808 14809 14810 14811 14812 14813 14875 14876 14877 14878 14879 14880 14881 14882 14883 14884 14885 14886 
0
0
CROSS-1_Z1_3_RIGHT
0
1
41
14603 14604 14630 14633 14634 14680 14681 14682 14683 14684 14685 14686 14687 14688 14689 14690 14691 14692 14693 14694 14695 14696 14697 14999 15000 15001 15002 15003 15004 15005 15006 15007 15008 15009 15010 15011 15012 15013 15014 15015 15016 
0
0
CROSS-1_Z1_3_TOP
0
1
39
14618 14619 14628 14857 14858 14859 14860 14861 14862 14863 14864 14865 14866 14867 14868 14869 14870 14871 14872 14873 14874 14939 14940 14941 14942 14943 14944 14945 14946 14947 14948 14949 14950 14951 14952 14953 14954 14955 14956 
0
0
CROSS-1_Z1_4_BOTTOM
0
1
39
19580 19581 19597 19713 19714 19715 19716 19717 19718 19719 19720 19721 19722 19723 19724 19725 19726 19727 19728 19729 19730 19876 19877 19878 19879 19880 19881 19882 19883 19884 19885 19886 19887 19888 19889 19890 19891 19892 19893 
0
0
CROSS-1_Z1_4_LEFT
0
1
29
19585 19586 19594 19603 19604 19774 19775 19776 19777 19778 19779 19780 19781 19782 19783 19784 19785 19847 19848 19849 19850 19851 19852 19853 19854 19855 19856 19857 19858 
0
0
CROSS-1_Z1_4_RIGHT
0
1
41
19575 19576 19602 19605 19606 19652 19653 19654 19655 19656 19657 19658 19659 19660 19661 19662 19663 19664 19665 19666 19667 19668 19669 19971 19972 19973 19974 19975 19976 19977 19978 19979 19980 19981 19982 19983 19984 19985 19986 19987 19988 
0
0
CROSS-1_Z1_4_TOP
0
1
39
19590 19591 19600 19829 19830 19831 19832 19833 19834 19835 19836 19837 19838 19839 19840 19841 19842 19843 19844 19845 19846 19911 19912 19913 19914 19915 19916 19917 19918 19919 19920 19921 19922 19923 19924 19925 19926 19927 19928 
0
0
CROSS-1_Z1_5_BOTTOM
0
1
39
33781 33782 33798 33914 33915 33916 33917 33918 33919 33920 33921 33922 33923 33924 33925 33926 33927 33928 33929 33930 33931 34077 34078 34079 34080 34081 34082 34083 34084 34085 34086 34087 34088 34089 34090 34091 34092 34093 34094 
0
0
CROSS-1_Z1_5_LEFT
0
1
29
33786 33787 33795 33804 33805 33975 33976 33977 33978 33979 33980 33981 33982 33983 33984 33985 33986 34048 34049 34050 34051 34052 34053 34054 34055 34056 34057 34058 34059 
0
0
CROSS-1_Z1_5_RIGHT
0
1
41
33776 33777 33803 33806 33807 33853 33854 33855 33856 33857 33858 33859 33860 33861 33862 33863 33864 33865 33866 33867 33868 33869 33870 34172 34173 34174 34175 34176 34177 34178 34179 34180 34181 34182 34183 34184 34185 34186 34187 34188 34189 
0
0
CROSS-1_Z1_5_TOP
0
1
39
33791 33792 33801 34030 34031 34032 34033 34034 34035 34036 34037 34038 34039 34040 34041 34042 34043 34044 34045 34046 34047 34112 34113 34114 34115 34116 34117 34118 34119 34120 34121 34122 34123 34124 34125 34126 34127 34128 34129 
0
0
CROSS-2_Z2_1_BOTTOM
0
1
39
5237 5238 5254 5362 5363 5364 5365 5366 5367 5368 5369 5370 5371 5372 5373 5374 5375 5376 5377 5378 5516 5517 5518 5519 5520 5521 5522 5523 5524 5525 5526 5527 5528 5529 5530 5531 5532 5589 5590 
0
0
CROSS-2_Z2_1_LEFT
0
1
29
5242 5243 5251 5260 5261 5419 5420 5421 5422 5423 5424 5425 5426 5427 5428 5429 5488 5489 5490 5491 5492 5493 5494 5495 5496 5497 5498 5587 5588 
0
0
CROSS-2_Z2_1_RIGHT
0
1
41
5232 5233 5259 5262 5263 5305 5306 5307 5308 5309 5310 5311 5312 5313 5314 5315 5316 5317 5318 5319 5320 5321 5584 5591 5615 5616 5617 5618 5619 5620 5621 5622 5623 5624 5625 5626 5627 5628 5629 5630 5631 
0
0
CROSS-2_Z2_1_TOP
0
1
39
5247 5248 5257 5470 5471 5472 5473 5474 5475 5476 5477 5478 5479 5480 5481 5482 5483 5484 5485 5486 5550 5551 5552 5553 5554 5555 5556 5557 5558 5559 5560 5561 5562 5563 5564 5565 5566 5585 5586 
0
0
CROSS-2_Z2_2_BOTTOM
0
1
39
31467 31468 31484 31592 31593 31594 31595 31596 31597 31598 31599 31600 31601 31602 31603 31604 31605 31606 31607 31608 31746 31747 31748 31749 31750 31751 31752 31753 31754 31755 31756 31757 31758 31759 31760 31761 31762 31819 31820 
0
0
CROSS-2_Z2_2_LEFT
0
1
29
31472 31473 31481 31490 31491 31649 31650 31651 31652 31653 31654 31655 31656 31657 31658 31659 31718 31719 31720 31721 31722 31723 31724 31725 31726 31727 31728 31817 31818 
0
0
CROSS-2_Z2_2_RIGHT
0
1
41
31462 31463 31489 31492 31493 31535 31536 31537 31538 31539 31540 31541 31542 31543 31544 31545 31546 31547 31548 31549 31550 31551 31814 31821 31845 31846 31847 31848 31849 31850 31851 31852 31853 31854 31855 31856 31857 31858 31859 31860 31861 
0
0
CROSS-2_Z2_2_TOP
0
1
39
31477 31478 31487 31700 31701 31702 31703 31704 31705 31706 31707 31708 31709 31710 31711 31712 31713 31714 31715 31716 31780 31781 31782 31783 31784 31785 31786 31787 31788 31789 31790 31791 31792 31793 31794 31795 31796 31815 31816 
0
0
CROSS-3_Z3_1_BOTTOM
0
1
39
8 9 25 137 138 139 140 141 142 143 144 145 146 147 148 149 150 151 152 153 154 294 295 296 297 298 299 300 301 302 303 304 305 306 307 308 309 310 311 
0
0
CROSS-3_Z3_1_LEFT
0
1
27
13 14 22 31 32 197 198 199 200 201 202 203 204 205 206 207 267 268 269 270 271 272 273 274 275 276 277 
0
0
CROSS-3_Z3_1_RIGHT
0
1
41
3 4 30 33 34 78 79 80 81 82 83 84 85 86 87 88 89 90 91 92 93 94 95 386 387 388 389 390 391 392 393 394 395 396 397 398 399 400 401 402 403 
0
0
CROSS-3_Z3_1_TOP
0
1
39
18 19 28 249 250 251 252 253 254 255 256 257 258 259 260 261 262 263 264 265 266 328 329 330 331 332 333 334 335 336 337 338 339 340 341 342 343 344 345 
0
0
CROSS-3_Z3_2_BOTTOM
0
1
39
17165 17166 17182 17294 17295 17296 17297 17298 17299 17300 17301 17302 17303 17304 17305 17306 17307 17308 17309 17310 17311 17451 17452 17453 17454 17455 17456 17457 17458 17459 17460 17461 17462 17463 17464 17465 17466 17467 17468 
0
0
CROSS-3_Z3_2_LEFT
0
1
27
17170 17171 17179 17188 17189 17354 17355 17356 17357 17358 17359 17360 17361 17362 17363 17364 17424 17425 17426 17427 17428 17429 17430 17431 17432 17433 17434 
0
0
CROSS-3_Z3_2_RIGHT
0
1
41
17160 17161 17187 17190 17191 17235 17236 17237 17238 17239 17240 17241 17242 17243 17244 17245 17246 17247 17248 17249 17250 17251 17252 17543 17544 17545 17546 17547 17548 17549 17550 17551 17552 17553 17554 17555 17556 17557 17558 17559 17560 
0
0
CROSS-3_Z3_2_TOP
0
1
39
17175 17176 17185 17406 17407 17408 17409 17410 17411 17412 17413 17414 17415 17416 17417 17418 17419 17420 17421 17422 17423 17485 17486 17487 17488 17489 17490 17491 17492 17493 17494 17495 17496 17497 17498 17499 17500 17501 17502 
0
0
CROSS-3_Z3_3_BOTTOM
0
1
39
22137 22138 22154 22266 22267 22268 22269 22270 22271 22272 22273 22274 22275 22276 22277 22278 22279 22280 22281 22282 22283 22423 22424 22425 22426 22427 22428 22429 22430 22431 22432 22433 22434 22435 22436 22437 22438 22439 22440 
0
0
CROSS-3_Z3_3_LEFT
0
1
27
22142 22143 22151 22160 22161 22326 22327 22328 22329 22330 22331 22332 22333 22334 22335 22336 22396 22397 22398 22399 22400 22401 22402 22403 22404 22405 22406 
0
0
CROSS-3_Z3_3_RIGHT
0
1
41
22132 22133 22159 22162 22163 22207 22208 22209 22210 22211 22212 22213 22214 22215 22216 22217 22218 22219 22220 22221 22222 22223 22224 22515 22516 22517 22518 22519 22520 22521 22522 22523 22524 22525 22526 22527 22528 22529 22530 22531 22532 
0
0
CROSS-3_Z3_3_TOP
0
1
39
22147 22148 22157 22378 22379 22380 22381 22382 22383 22384 22385 22386 22387 22388 22389 22390 22391 22392 22393 22394 22395 22457 22458 22459 22460 22461 22462 22463 22464 22465 22466 22467 22468 22469 22470 22471 22472 22473 22474 
0
0
CROSS-3_Z3_4_BOTTOM
0
1
39
24552 24553 24569 24681 24682 24683 24684 24685 24686 24687 24688 24689 24690 24691 24692 24693 24694 24695 24696 24697 24698 24838 24839 24840 24841 24842 24843 24844 24845 24846 24847 24848 24849 24850 24851 24852 24853 24854 24855 
0
0
CROSS-3_Z3_4_LEFT
0
1
27
24557 24558 24566 24575 24576 24741 24742 24743 24744 24745 24746 24747 24748 24749 24750 24751 24811 24812 24813 24814 24815 24816 24817 24818 24819 24820 24821 
0
0
CROSS-3_Z3_4_RIGHT
0
1
41
24547 24548 24574 24577 24578 24622 24623 24624 24625 24626 24627 24628 24629 24630 24631 24632 24633 24634 24635 24636 24637 24638 24639 24930 24931 24932 24933 24934 24935 24936 24937 24938 24939 24940 24941 24942 24943 24944 24945 24946 24947 
0
0
CROSS-3_Z3_4_TOP
0
1
39
24562 24563 24572 24793 24794 24795 24796 24797 24798 24799 24800 24801 24802 24803 24804 24805 24806 24807 24808 24809 24810 24872 24873 24874 24875 24876 24877 24878 24879 24880 24881 24882 24883 24884 24885 24886 24887 24888 24889 
0
0
CROSS-4_Z4_1_BOTTOM
0
1
40
7551 7552 7568 7673 7674 7675 7676 7677 7678 7679 7680 7681 7682 7683 7684 7685 7686 7687 7688 7689 7690 7826 7827 7828 7829 7830 7831 7832 7833 7834 7835 7836 7837 7838 7839 7840 7841 7842 7895 7896 
0
0
CROSS-4_Z4_1_LEFT
0
1
30
7556 7557 7565 7574 7575 7730 7731 7732 7733 7734 7735 7736 7737 7738 7739 7740 7741 7800 7801 7802 7803 7804 7805 7806 7807 7808 7809 7810 7893 7894 
0
0
CROSS-4_Z4_1_RIGHT
0
1
41
7546 7547 7573 7576 7577 7617 7618 7619 7620 7621 7622 7623 7624 7625 7626 7627 7628 7629 7630 7631 7632 7633 7890 7897 7920 7921 7922 7923 7924 7925 7926 7927 7928 7929 7930 7931 7932 7933 7934 7935 7936 
0
0
CROSS-4_Z4_1_TOP
0
1
40
7561 7562 7571 7781 7782 7783 7784 7785 7786 7787 7788 7789 7790 7791 7792 7793 7794 7795 7796 7797 7798 7858 7859 7860 7861 7862 7863 7864 7865 7866 7867 7868 7869 7870 7871 7872 7873 7874 7891 7892 
0
0
CROSS-4_Z4_2_BOTTOM
0
1
40
12358 12359 12375 12480 12481 12482 12483 12484 12485 12486 12487 12488 12489 12490 12491 12492 12493 12494 12495 12496 12497 12633 12634 12635 12636 12637 12638 12639 12640 12641 12642 12643 12644 12645 12646 12647 12648 12649 12702 12703 
0
0
CROSS-4_Z4_2_LEFT
0
1
30
12363 12364 12372 12381 12382 12537 12538 12539 12540 12541 12542 12543 12544 12545 12546 12547 12548 12607 12608 12609 12610 12611 12612 12613 12614 12615 12616 12617 12700 12701 
0
0
CROSS-4_Z4_2_RIGHT
0
1
41
12353 12354 12380 12383 12384 12424 12425 12426 12427 12428 12429 12430 12431 12432 12433 12434 12435 12436 12437 12438 12439 12440 12697 12704 12727 12728 12729 12730 12731 12732 12733 12734 12735 12736 12737 12738 12739 12740 12741 12742 12743 
0
0
CROSS-4_Z4_2_TOP
0
1
40
12368 12369 12378 12588 12589 12590 12591 12592 12593 12594 12595 12596 12597 12598 12599 12600 12601 12602 12603 12604 12605 12665 12666 12667 12668 12669 12670 12671 12672 12673 12674 12675 12676 12677 12678 12679 12680 12681 12698 12699 
0
0
CROSS-4_Z4_3_BOTTOM
0
1
40
26967 26968 26984 27089 27090 27091 27092 27093 27094 27095 27096 27097 27098 27099 27100 27101 27102 27103 27104 27105 27106 27242 27243 27244 27245 27246 27247 27248 27249 27250 27251 27252 27253 27254 27255 27256 27257 27258 27311 27312 
0
0
CROSS-4_Z4_3_LEFT
0
1
30
26972 26973 26981 26990 26991 27146 27147 27148 27149 27150 27151 27152 27153 27154 27155 27156 27157 27216 27217 27218 27219 27220 27221 27222 27223 27224 27225 27226 27309 27310 
0
0
CROSS-4_Z4_3_RIGHT
0
1
41
26962 26963 26989 26992 26993 27033 27034 27035 27036 27037 27038 27039 27040 27041 27042 27043 27044 27045 27046 27047 27048 27049 27306 27313 27336 27337 27338 27339 27340 27341 27342 27343 27344 27345 27346 27347 27348 27349 27350 27351 27352 
0
0
CROSS-4_Z4_3_TOP
0
1
40
26977 26978 26987 27197 27198 27199 27200 27201 27202 27203 27204 27205 27206 27207 27208 27209 27210 27211 27212 27213 27214 27274 27275 27276 27277 27278 27279 27280 27281 27282 27283 27284 27285 27286 27287 27288 27289 27290 27307 27308 
0
0
CROSS-4_Z4_4_BOTTOM
0
1
40
29217 29218 29234 29339 29340 29341 29342 29343 29344 29345 29346 29347 29348 29349 29350 29351 29352 29353 29354 29355 29356 29492 29493 29494 29495 29496 29497 29498 29499 29500 29501 29502 29503 29504 29505 29506 29507 29508 29561 29562 
0
0
CROSS-4_Z4_4_LEFT
0
1
30
29222 29223 29231 29240 29241 29396 29397 29398 29399 29400 29401 29402 29403 29404 29405 29406 29407 29466 29467 29468 29469 29470 29471 29472 29473 29474 29475 29476 29559 29560 
0
0
CROSS-4_Z4_4_RIGHT
0
1
41
29212 29213 29239 29242 29243 29283 29284 29285 29286 29287 29288 29289 29290 29291 29292 29293 29294 29295 29296 29297 29298 29299 29556 29563 29586 29587 29588 29589 29590 29591 29592 29593 29594 29595 29596 29597 29598 29599 29600 29601 29602 
0
0
CROSS-4_Z4_4_TOP
0
1
40
29227 29228 29237 29447 29448 29449 29450 29451 29452 29453 29454 29455 29456 29457 29458 29459 29460 29461 29462 29463 29464 29524 29525 29526 29527 29528 29529 29530 29531 29532 29533 29534 29535 29536 29537 29538 29539 29540 29557 29558 
0
0
TOPBCNODES
0
1
197
5247 5248 5257 5470 5471 5472 5473 5474 5475 5476 5477 5478 5479 5480 5481 5482 5483 5484 5485 5486 5550 5551 5552 5553 5554 5555 5556 5557 5558 5559 5560 5561 5562 5563 5564 5565 5566 5585 5586 12368 12369 12378 12588 12589 12590 12591 12592 12593 12594 12595 12596 12597 12598 12599 12600 12601 12602 12603 12604 12605 12665 12666 12667 12668 12669 12670 12671 12672 12673 12674 12675 12676 12677 12678 12679 12680 12681 12698 12699 19590 19591 19600 19829 19830 19831 19832 19833 19834 19835 19836 19837 19838 19839 19840 19841 19842 19843 19844 19845 19846 19911 19912 19913 19914 19915 19916 19917 19918 19919 19920 19921 19922 19923 19924 19925 19926 19927 19928 26977 26978 26987 27197 27198 27199 27200 27201 27202 27203 27204 27205 27206 27207 27208 27209 27210 27211 27212 27213 27214 27274 27275 27276 27277 27278 27279 27280 27281 27282 27283 27284 27285 27286 27287 27288 27289 27290 27307 27308 33791 33792 33801 34030 34031 34032 34033 34034 34035 34036 34037 34038 34039 34040 34041 34042 34043 34044 34045 34046 34047 34112 34113 34114 34115 34116 34117 34118 34119 34120 34121 34122 34123 34124 34125 34126 34127 34128 34129 
0
0
TOP_RP
0
1
1
1 
0
0
_PICKEDSET156
0
1
1
1 
0
0
0
1
PART-1-1
1
SURFACE-1_RIGIDBODY
2
0
45
CROSS-1_Z1_1_BOTTOM_CNS_
0
0
0
1
PART-1-1
1
0
39
2680
1
2681
1
2697
1
2813
1
2814
1
2815
1
2816
1
2817
1
2818
1
2819
1
2820
1
2821
1
2822
1
2823
1
2824
1
2825
1
2826
1
2827
1
2828
1
2829
1
2830
1
2976
1
2977
1
2978
1
2979
1
2980
1
2981
1
2982
1
2983
1
2984
1
2985
1
2986
1
2987
1
2988
1
2989
1
2990
1
2991
1
2992
1
2993
1
CROSS-1_Z1_1_RIGHT_CNS_
0
0
0
1
PART-1-1
1
0
41
2675
1
2676
1
2702
1
2705
1
2706
1
2752
1
2753
1
2754
1
2755
1
2756
1
2757
1
2758
1
2759
1
2760
1
2761
1
2762
1
2763
1
2764
1
2765
1
2766
1
2767
1
2768
1
2769
1
3071
1
3072
1
3073
1
3074
1
3075
1
3076
1
3077
1
3078
1
3079
1
3080
1
3081
1
3082
1
3083
1
3084
1
3085
1
3086
1
3087
1
3088
1
CROSS-1_Z1_1_TOP_CNS_
0
0
0
1
PART-1-1
1
0
39
2690
1
2691
1
2700
1
2929
1
2930
1
2931
1
2932
1
2933
1
2934
1
2935
1
2936
1
2937
1
2938
1
2939
1
2940
1
2941
1
2942
1
2943
1
2944
1
2945
1
2946
1
3011
1
3012
1
3013
1
3014
1
3015
1
3016
1
3017
1
3018
1
3019
1
3020
1
3021
1
3022
1
3023
1
3024
1
3025
1
3026
1
3027
1
3028
1
CROSS-1_Z1_2_BOTTOM_CNS_
0
0
0
1
PART-1-1
1
0
39
9801
1
9802
1
9818
1
9934
1
9935
1
9936
1
9937
1
9938
1
9939
1
9940
1
9941
1
9942
1
9943
1
9944
1
9945
1
9946
1
9947
1
9948
1
9949
1
9950
1
9951
1
10097
1
10098
1
10099
1
10100
1
10101
1
10102
1
10103
1
10104
1
10105
1
10106
1
10107
1
10108
1
10109
1
10110
1
10111
1
10112
1
10113
1
10114
1
CROSS-1_Z1_2_LEFT_CNS_
0
0
0
1
PART-1-1
1
0
29
9806
1
9807
1
9815
1
9824
1
9825
1
9995
1
9996
1
9997
1
9998
1
9999
1
10000
1
10001
1
10002
1
10003
1
10004
1
10005
1
10006
1
10068
1
10069
1
10070
1
10071
1
10072
1
10073
1
10074
1
10075
1
10076
1
10077
1
10078
1
10079
1
CROSS-1_Z1_2_RIGHT_CNS_
0
0
0
1
PART-1-1
1
0
41
9796
1
9797
1
9823
1
9826
1
9827
1
9873
1
9874
1
9875
1
9876
1
9877
1
9878
1
9879
1
9880
1
9881
1
9882
1
9883
1
9884
1
9885
1
9886
1
9887
1
9888
1
9889
1
9890
1
10192
1
10193
1
10194
1
10195
1
10196
1
10197
1
10198
1
10199
1
10200
1
10201
1
10202
1
10203
1
10204
1
10205
1
10206
1
10207
1
10208
1
10209
1
CROSS-1_Z1_2_TOP_CNS_
0
0
0
1
PART-1-1
1
0
39
9811
1
9812
1
9821
1
10050
1
10051
1
10052
1
10053
1
10054
1
10055
1
10056
1
10057
1
10058
1
10059
1
10060
1
10061
1
10062
1
10063
1
10064
1
10065
1
10066
1
10067
1
10132
1
10133
1
10134
1
10135
1
10136
1
10137
1
10138
1
10139
1
10140
1
10141
1
10142
1
10143
1
10144
1
10145
1
10146
1
10147
1
10148
1
10149
1
CROSS-1_Z1_3_LEFT_CNS_
0
0
0
1
PART-1-1
1
0
29
14613
1
14614
1
14622
1
14631
1
14632
1
14802
1
14803
1
14804
1
14805
1
14806
1
14807
1
14808
1
14809
1
14810
1
14811
1
14812
1
14813
1
14875
1
14876
1
14877
1
14878
1
14879
1
14880
1
14881
1
14882
1
14883
1
14884
1
14885
1
14886
1
CROSS-1_Z1_3_RIGHT_CNS_
0
0
0
1
PART-1-1
1
0
41
14603
1
14604
1
14630
1
14633
1
14634
1
14680
1
14681
1
14682
1
14683
1
14684
1
14685
1
14686
1
14687
1
14688
1
14689
1
14690
1
14691
1
14692
1
14693
1
14694
1
14695
1
14696
1
14697
1
14999
1
15000
1
15001
1
15002
1
15003
1
15004
1
15005
1
15006
1
15007
1
15008
1
15009
1
15010
1
15011
1
15012
1
15013
1
15014
1
15015
1
15016
1
CROSS-1_Z1_3_TOP_CNS_
0
0
0
1
PART-1-1
1
0
39
14618
1
14619
1
14628
1
14857
1
14858
1
14859
1
14860
1
14861
1
14862
1
14863
1
14864
1
14865
1
14866
1
14867
1
14868
1
14869
1
14870
1
14871
1
14872
1
14873
1
14874
1
14939
1
14940
1
14941
1
14942
1
14943
1
14944
1
14945
1
14946
1
14947
1
14948
1
14949
1
14950
1
14951
1
14952
1
14953
1
14954
1
14955
1
14956
1
CROSS-1_Z1_4_BOTTOM_CNS_
0
0
0
1
PART-1-1
1
0
39
19580
1
19581
1
19597
1
19713
1
19714
1
19715
1
19716
1
19717
1
19718
1
19719
1
19720
1
19721
1
19722
1
19723
1
19724
1
19725
1
19726
1
19727
1
19728
1
19729
1
19730
1
19876
1
19877
1
19878
1
19879
1
19880
1
19881
1
19882
1
19883
1
19884
1
19885
1
19886
1
19887
1
19888
1
19889
1
19890
1
19891
1
19892
1
19893
1
CROSS-1_Z1_4_LEFT_CNS_
0
0
0
1
PART-1-1
1
0
29
19585
1
19586
1
19594
1
19603
1
19604
1
19774
1
19775
1
19776
1
19777
1
19778
1
19779
1
19780
1
19781
1
19782
1
19783
1
19784
1
19785
1
19847
1
19848
1
19849
1
19850
1
19851
1
19852
1
19853
1
19854
1
19855
1
19856
1
19857
1
19858
1
CROSS-1_Z1_4_RIGHT_CNS_
0
0
0
1
PART-1-1
1
0
41
19575
1
19576
1
19602
1
19605
1
19606
1
19652
1
19653
1
19654
1
19655
1
19656
1
19657
1
19658
1
19659
1
19660
1
19661
1
19662
1
19663
1
19664
1
19665
1
19666
1
19667
1
19668
1
19669
1
19971
1
19972
1
19973
1
19974
1
19975
1
19976
1
19977
1
19978
1
19979
1
19980
1
19981
1
19982
1
19983
1
19984
1
19985
1
19986
1
19987
1
19988
1
CROSS-1_Z1_5_BOTTOM_CNS_
0
0
0
1
PART-1-1
1
0
39
33781
1
33782
1
33798
1
33914
1
33915
1
33916
1
33917
1
33918
1
33919
1
33920
1
33921
1
33922
1
33923
1
33924
1
33925
1
33926
1
33927
1
33928
1
33929
1
33930
1
33931
1
34077
1
34078
1
34079
1
34080
1
34081
1
34082
1
34083
1
34084
1
34085
1
34086
1
34087
1
34088
1
34089
1
34090
1
34091
1
34092
1
34093
1
34094
1
CROSS-1_Z1_5_LEFT_CNS_
0
0
0
1
PART-1-1
1
0
29
33786
1
33787
1
33795
1
33804
1
33805
1
33975
1
33976
1
33977
1
33978
1
33979
1
33980
1
33981
1
33982
1
33983
1
33984
1
33985
1
33986
1
34048
1
34049
1
34050
1
34051
1
34052
1
34053
1
34054
1
34055
1
34056
1
34057
1
34058
1
34059
1
CROSS-2_Z2_1_BOTTOM_CNS_
0
0
0
1
PART-1-1
1
0
39
5237
1
5238
1
5254
1
5362
1
5363
1
5364
1
5365
1
5366
1
5367
1
5368
1
5369
1
5370
1
5371
1
5372
1
5373
1
5374
1
5375
1
5376
1
5377
1
5378
1
5516
1
5517
1
5518
1
5519
1
5520
1
5521
1
5522
1
5523
1
5524
1
5525
1
5526
1
5527
1
5528
1
5529
1
5530
1
5531
1
5532
1
5589
1
5590
1
CROSS-2_Z2_1_RIGHT_CNS_
0
0
0
1
PART-1-1
1
0
41
5232
1
5233
1
5259
1
5262
1
5263
1
5305
1
5306
1
5307
1
5308
1
5309
1
5310
1
5311
1
5312
1
5313
1
5314
1
5315
1
5316
1
5317
1
5318
1
5319
1
5320
1
5321
1
5584
1
5591
1
5615
1
5616
1
5617
1
5618
1
5619
1
5620
1
5621
1
5622
1
5623
1
5624
1
5625
1
5626
1
5627
1
5628
1
5629
1
5630
1
5631
1
CROSS-2_Z2_2_BOTTOM_CNS_
0
0
0
1
PART-1-1
1
0
39
31467
1
31468
1
31484
1
31592
1
31593
1
31594
1
31595
1
31596
1
31597
1
31598
1
31599
1
31600
1
31601
1
31602
1
31603
1
31604
1
31605
1
31606
1
31607
1
31608
1
31746
1
31747
1
31748
1
31749
1
31750
1
31751
1
31752
1
31753
1
31754
1
31755
1
31756
1
31757
1
31758
1
31759
1
31760
1
31761
1
31762
1
31819
1
31820
1
CROSS-2_Z2_2_LEFT_CNS_
0
0
0
1
PART-1-1
1
0
29
31472
1
31473
1
31481
1
31490
1
31491
1
31649
1
31650
1
31651
1
31652
1
31653
1
31654
1
31655
1
31656
1
31657
1
31658
1
31659
1
31718
1
31719
1
31720
1
31721
1
31722
1
31723
1
31724
1
31725
1
31726
1
31727
1
31728
1
31817
1
31818
1
CROSS-2_Z2_2_TOP_CNS_
0
0
0
1
PART-1-1
1
0
39
31477
1
31478
1
31487
1
31700
1
31701
1
31702
1
31703
1
31704
1
31705
1
31706
1
31707
1
31708
1
31709
1
31710
1
31711
1
31712
1
31713
1
31714
1
31715
1
31716
1
31780
1
31781
1
31782
1
31783
1
31784
1
31785
1
31786
1
31787
1
31788
1
31789
1
31790
1
31791
1
31792
1
31793
1
31794
1
31795
1
31796
1
31815
1
31816
1
CROSS-3_Z3_1_RIGHT_CNS_
0
0
0
1
PART-1-1
1
0
41
3
1
4
1
30
1
33
1
34
1
78
1
79
1
80
1
81
1
82
1
83
1
84
1
85
1
86
1
87
1
88
1
89
1
90
1
91
1
92
1
93
1
94
1
95
1
386
1
387
1
388
1
389
1
390
1
391
1
392
1
393
1
394
1
395
1
396
1
397
1
398
1
399
1
400
1
401
1
402
1
403
1
CROSS-3_Z3_1_TOP_CNS_
0
0
0
1
PART-1-1
1
0
39
18
1
19
1
28
1
249
1
250
1
251
1
252
1
253
1
254
1
255
1
256
1
257
1
258
1
259
1
260
1
261
1
262
1
263
1
264
1
265
1
266
1
328
1
329
1
330
1
331
1
332
1
333
1
334
1
335
1
336
1
337
1
338
1
339
1
340
1
341
1
342
1
343
1
344
1
345
1
CROSS-3_Z3_2_BOTTOM_CNS_
0
0
0
1
PART-1-1
1
0
39
17165
1
17166
1
17182
1
17294
1
17295
1
17296
1
17297
1
17298
1
17299
1
17300
1
17301
1
17302
1
17303
1
17304
1
17305
1
17306
1
17307
1
17308
1
17309
1
17310
1
17311
1
17451
1
17452
1
17453
1
17454
1
17455
1
17456
1
17457
1
17458
1
17459
1
17460
1
17461
1
17462
1
17463
1
17464
1
17465
1
17466
1
17467
1
17468
1
CROSS-3_Z3_2_LEFT_CNS_
0
0
0
1
PART-1-1
1
0
27
17170
1
17171
1
17179
1
17188
1
17189
1
17354
1
17355
1
17356
1
17357
1
17358
1
17359
1
17360
1
17361
1
17362
1
17363
1
17364
1
17424
1
17425
1
17426
1
17427
1
17428
1
17429
1
17430
1
17431
1
17432
1
17433
1
17434
1
CROSS-3_Z3_2_RIGHT_CNS_
0
0
0
1
PART-1-1
1
0
41
17160
1
17161
1
17187
1
17190
1
17191
1
17235
1
17236
1
17237
1
17238
1
17239
1
17240
1
17241
1
17242
1
17243
1
17244
1
17245
1
17246
1
17247
1
17248
1
17249
1
17250
1
17251
1
17252
1
17543
1
17544
1
17545
1
17546
1
17547
1
17548
1
17549
1
17550
1
17551
1
17552
1
17553
1
17554
1
17555
1
17556
1
17557
1
17558
1
17559
1
17560
1
CROSS-3_Z3_2_TOP_CNS_
0
0
0
1
PART-1-1
1
0
39
17175
1
17176
1
17185
1
17406
1
17407
1
17408
1
17409
1
17410
1
17411
1
17412
1
17413
1
17414
1
17415
1
17416
1
17417
1
17418
1
17419
1
17420
1
17421
1
17422
1
17423
1
17485
1
17486
1
17487
1
17488
1
17489
1
17490
1
17491
1
17492
1
17493
1
17494
1
17495
1
17496
1
17497
1
17498
1
17499
1
17500
1
17501
1
17502
1
CROSS-3_Z3_3_LEFT_CNS_
0
0
0
1
PART-1-1
1
0
27
22142
1
22143
1
22151
1
22160
1
22161
1
22326
1
22327
1
22328
1
22329
1
22330
1
22331
1
22332
1
22333
1
22334
1
22335
1
22336
1
22396
1
22397
1
22398
1
22399
1
22400
1
22401
1
22402
1
22403
1
22404
1
22405
1
22406
1
CROSS-3_Z3_3_RIGHT_CNS_
0
0
0
1
PART-1-1
1
0
41
22132
1
22133
1
22159
1
22162
1
22163
1
22207
1
22208
1
22209
1
22210
1
22211
1
22212
1
22213
1
22214
1
22215
1
22216
1
22217
1
22218
1
22219
1
22220
1
22221
1
22222
1
22223
1
22224
1
22515
1
22516
1
22517
1
22518
1
22519
1
22520
1
22521
1
22522
1
22523
1
22524
1
22525
1
22526
1
22527
1
22528
1
22529
1
22530
1
22531
1
22532
1
CROSS-3_Z3_3_TOP_CNS_
0
0
0
1
PART-1-1
1
0
39
22147
1
22148
1
22157
1
22378
1
22379
1
22380
1
22381
1
22382
1
22383
1
22384
1
22385
1
22386
1
22387
1
22388
1
22389
1
22390
1
22391
1
22392
1
22393
1
22394
1
22395
1
22457
1
22458
1
22459
1
22460
1
22461
1
22462
1
22463
1
22464
1
22465
1
22466
1
22467
1
22468
1
22469
1
22470
1
22471
1
22472
1
22473
1
22474
1
CROSS-3_Z3_4_BOTTOM_CNS_
0
0
0
1
PART-1-1
1
0
39
24552
1
24553
1
24569
1
24681
1
24682
1
24683
1
24684
1
24685
1
24686
1
24687
1
24688
1
24689
1
24690
1
24691
1
24692
1
24693
1
24694
1
24695
1
24696
1
24697
1
24698
1
24838
1
24839
1
24840
1
24841
1
24842
1
24843
1
24844
1
24845
1
24846
1
24847
1
24848
1
24849
1
24850
1
24851
1
24852
1
24853
1
24854
1
24855
1
CROSS-3_Z3_4_LEFT_CNS_
0
0
0
1
PART-1-1
1
0
27
24557
1
24558
1
24566
1
24575
1
24576
1
24741
1
24742
1
24743
1
24744
1
24745
1
24746
1
24747
1
24748
1
24749
1
24750
1
24751
1
24811
1
24812
1
24813
1
24814
1
24815
1
24816
1
24817
1
24818
1
24819
1
24820
1
24821
1
CROSS-3_Z3_4_RIGHT_CNS_
0
0
0
1
PART-1-1
1
0
41
24547
1
24548
1
24574
1
24577
1
24578
1
24622
1
24623
1
24624
1
24625
1
24626
1
24627
1
24628
1
24629
1
24630
1
24631
1
24632
1
24633
1
24634
1
24635
1
24636
1
24637
1
24638
1
24639
1
24930
1
24931
1
24932
1
24933
1
24934
1
24935
1
24936
1
24937
1
24938
1
24939
1
24940
1
24941
1
24942
1
24943
1
24944
1
24945
1
24946
1
24947
1
CROSS-3_Z3_4_TOP_CNS_
0
0
0
1
PART-1-1
1
0
39
24562
1
24563
1
24572
1
24793
1
24794
1
24795
1
24796
1
24797
1
24798
1
24799
1
24800
1
24801
1
24802
1
24803
1
24804
1
24805
1
24806
1
24807
1
24808
1
24809
1
24810
1
24872
1
24873
1
24874
1
24875
1
24876
1
24877
1
24878
1
24879
1
24880
1
24881
1
24882
1
24883
1
24884
1
24885
1
24886
1
24887
1
24888
1
24889
1
CROSS-4_Z4_1_LEFT_CNS_
0
0
0
1
PART-1-1
1
0
30
7556
1
7557
1
7565
1
7574
1
7575
1
7730
1
7731
1
7732
1
7733
1
7734
1
7735
1
7736
1
7737
1
7738
1
7739
1
7740
1
7741
1
7800
1
7801
1
7802
1
7803
1
7804
1
7805
1
7806
1
7807
1
7808
1
7809
1
7810
1
7893
1
7894
1
CROSS-4_Z4_1_RIGHT_CNS_
0
0
0
1
PART-1-1
1
0
41
7546
1
7547
1
7573
1
7576
1
7577
1
7617
1
7618
1
7619
1
7620
1
7621
1
7622
1
7623
1
7624
1
7625
1
7626
1
7627
1
7628
1
7629
1
7630
1
7631
1
7632
1
7633
1
7890
1
7897
1
7920
1
7921
1
7922
1
7923
1
7924
1
7925
1
7926
1
7927
1
7928
1
7929
1
7930
1
7931
1
7932
1
7933
1
7934
1
7935
1
7936
1
CROSS-4_Z4_1_TOP_CNS_
0
0
0
1
PART-1-1
1
0
40
7561
1
7562
1
7571
1
7781
1
7782
1
7783
1
7784
1
7785
1
7786
1
7787
1
7788
1
7789
1
7790
1
7791
1
7792
1
7793
1
7794
1
7795
1
7796
1
7797
1
7798
1
7858
1
7859
1
7860
1
7861
1
7862
1
7863
1
7864
1
7865
1
7866
1
7867
1
7868
1
7869
1
7870
1
7871
1
7872
1
7873
1
7874
1
7891
1
7892
1
CROSS-4_Z4_2_BOTTOM_CNS_
0
0
0
1
PART-1-1
1
0
40
12358
1
12359
1
12375
1
12480
1
12481
1
12482
1
12483
1
12484
1
12485
1
12486
1
12487
1
12488
1
12489
1
12490
1
12491
1
12492
1
12493
1
12494
1
12495
1
12496
1
12497
1
12633
1
12634
1
12635
1
12636
1
12637
1
12638
1
12639
1
12640
1
12641
1
12642
1
12643
1
12644
1
12645
1
12646
1
12647
1
12648
1
12649
1
12702
1
12703
1
CROSS-4_Z4_2_LEFT_CNS_
0
0
0
1
PART-1-1
1
0
30
12363
1
12364
1
12372
1
12381
1
12382
1
12537
1
12538
1
12539
1
12540
1
12541
1
12542
1
12543
1
12544
1
12545
1
12546
1
12547
1
12548
1
12607
1
12608
1
12609
1
12610
1
12611
1
12612
1
12613
1
12614
1
12615
1
12616
1
12617
1
12700
1
12701
1
CROSS-4_Z4_2_RIGHT_CNS_
0
0
0
1
PART-1-1
1
0
41
12353
1
12354
1
12380
1
12383
1
12384
1
12424
1
12425
1
12426
1
12427
1
12428
1
12429
1
12430
1
12431
1
12432
1
12433
1
12434
1
12435
1
12436
1
12437
1
12438
1
12439
1
12440
1
12697
1
12704
1
12727
1
12728
1
12729
1
12730
1
12731
1
12732
1
12733
1
12734
1
12735
1
12736
1
12737
1
12738
1
12739
1
12740
1
12741
1
12742
1
12743
1
CROSS-4_Z4_3_BOTTOM_CNS_
0
0
0
1
PART-1-1
1
0
40
26967
1
26968
1
26984
1
27089
1
27090
1
27091
1
27092
1
27093
1
27094
1
27095
1
27096
1
27097
1
27098
1
27099
1
27100
1
27101
1
27102
1
27103
1
27104
1
27105
1
27106
1
27242
1
27243
1
27244
1
27245
1
27246
1
27247
1
27248
1
27249
1
27250
1
27251
1
27252
1
27253
1
27254
1
27255
1
27256
1
27257
1
27258
1
27311
1
27312
1
CROSS-4_Z4_3_LEFT_CNS_
0
0
0
1
PART-1-1
1
0
30
26972
1
26973
1
26981
1
26990
1
26991
1
27146
1
27147
1
27148
1
27149
1
27150
1
27151
1
27152
1
27153
1
27154
1
27155
1
27156
1
27157
1
27216
1
27217
1
27218
1
27219
1
27220
1
27221
1
27222
1
27223
1
27224
1
27225
1
27226
1
27309
1
27310
1
CROSS-4_Z4_3_RIGHT_CNS_
0
0
0
1
PART-1-1
1
0
41
26962
1
26963
1
26989
1
26992
1
26993
1
27033
1
27034
1
27035
1
27036
1
27037
1
27038
1
27039
1
27040
1
27041
1
27042
1
27043
1
27044
1
27045
1
27046
1
27047
1
27048
1
27049
1
27306
1
27313
1
27336
1
27337
1
27338
1
27339
1
27340
1
27341
1
27342
1
27343
1
27344
1
27345
1
27346
1
27347
1
27348
1
27349
1
27350
1
27351
1
27352
1
CROSS-4_Z4_4_LEFT_CNS_
0
0
0
1
PART-1-1
1
0
30
29222
1
29223
1
29231
1
29240
1
29241
1
29396
1
29397
1
29398
1
29399
1
29400
1
29401
1
29402
1
29403
1
29404
1
29405
1
29406
1
29407
1
29466
1
29467
1
29468
1
29469
1
29470
1
29471
1
29472
1
29473
1
29474
1
29475
1
29476
1
29559
1
29560
1
CROSS-4_Z4_4_TOP_CNS_
0
0
0
1
PART-1-1
1
0
40
29227
1
29228
1
29237
1
29447
1
29448
1
29449
1
29450
1
29451
1
29452
1
29453
1
29454
1
29455
1
29456
1
29457
1
29458
1
29459
1
29460
1
29461
1
29462
1
29463
1
29464
1
29524
1
29525
1
29526
1
29527
1
29528
1
29529
1
29530
1
29531
1
29532
1
29533
1
29534
1
29535
1
29536
1
29537
1
29538
1
29539
1
29540
1
29557
1
29558
1
TOPBCNODES_CNS_
0
0
0
1
PART-1-1
1
0
197
5247
1
5248
1
5257
1
5470
1
5471
1
5472
1
5473
1
5474
1
5475
1
5476
1
5477
1
5478
1
5479
1
5480
1
5481
1
5482
1
5483
1
5484
1
5485
1
5486
1
5550
1
5551
1
5552
1
5553
1
5554
1
5555
1
5556
1
5557
1
5558
1
5559
1
5560
1
5561
1
5562
1
5563
1
5564
1
5565
1
5566
1
5585
1
5586
1
12368
1
12369
1
12378
1
12588
1
12589
1
12590
1
12591
1
12592
1
12593
1
12594
1
12595
1
12596
1
12597
1
12598
1
12599
1
12600
1
12601
1
12602
1
12603
1
12604
1
12605
1
12665
1
12666
1
12667
1
12668
1
12669
1
12670
1
12671
1
12672
1
12673
1
12674
1
12675
1
12676
1
12677
1
12678
1
12679
1
12680
1
12681
1
12698
1
12699
1
19590
1
19591
1
19600
1
19829
1
19830
1
19831
1
19832
1
19833
1
19834
1
19835
1
19836
1
19837
1
19838
1
19839
1
19840
1
19841
1
19842
1
19843
1
19844
1
19845
1
19846
1
19911
1
19912
1
19913
1
19914
1
19915
1
19916
1
19917
1
19918
1
19919
1
19920
1
19921
1
19922
1
19923
1
19924
1
19925
1
19926
1
19927
1
19928
1
26977
1
26978
1
26987
1
27197
1
27198
1
27199
1
27200
1
27201
1
27202
1
27203
1
27204
1
27205
1
27206
1
27207
1
27208
1
27209
1
27210
1
27211
1
27212
1
27213
1
27214
1
27274
1
27275
1
27276
1
27277
1
27278
1
27279
1
27280
1
27281
1
27282
1
27283
1
27284
1
27285
1
27286
1
27287
1
27288
1
27289
1
27290
1
27307
1
27308
1
33791
1
33792
1
33801
1
34030
1
34031
1
34032
1
34033
1
34034
1
34035
1
34036
1
34037
1
34038
1
34039
1
34040
1
34041
1
34042
1
34043
1
34044
1
34045
1
34046
1
34047
1
34112
1
34113
1
34114
1
34115
1
34116
1
34117
1
34118
1
34119
1
34120
1
34121
1
34122
1
34123
1
34124
1
34125
1
34126
1
34127
1
34128
1
34129
1
